{"meta": {"format": 3, "version": "7.11.3", "timestamp": "2025-11-12T11:55:54.156842", "branch_coverage": false, "show_contexts": false}, "files": {"api\\__init__.py": {"executed_lines": [1, 2, 4], "summary": {"covered_lines": 2, "num_statements": 2, "percent_covered": 100.0, "percent_covered_display": "100", "missing_lines": 0, "excluded_lines": 0}, "missing_lines": [], "excluded_lines": [], "functions": {"": {"executed_lines": [1, 2, 4], "summary": {"covered_lines": 2, "num_statements": 2, "percent_covered": 100.0, "percent_covered_display": "100", "missing_lines": 0, "excluded_lines": 0}, "missing_lines": [], "excluded_lines": []}}, "classes": {"": {"executed_lines": [1, 2, 4], "summary": {"covered_lines": 2, "num_statements": 2, "percent_covered": 100.0, "percent_covered_display": "100", "missing_lines": 0, "excluded_lines": 0}, "missing_lines": [], "excluded_lines": []}}}, "api\\agents.py": {"executed_lines": [1, 8, 9, 10, 11, 12, 13, 14, 15, 16, 19, 20, 21, 22, 23, 24, 26, 29, 30, 33, 36, 135, 136, 188, 189, 259, 260, 311, 312, 313, 314, 375, 376, 440, 441, 482, 483, 484, 550, 551, 615, 616, 617, 637, 638], "summary": {"covered_lines": 44, "num_statements": 312, "percent_covered": 14.102564102564102, "percent_covered_display": "14", "missing_lines": 268, "excluded_lines": 0}, "missing_lines": [38, 39, 40, 42, 45, 46, 47, 48, 49, 52, 53, 54, 55, 56, 57, 60, 61, 62, 63, 64, 65, 68, 69, 70, 71, 72, 73, 74, 75, 76, 77, 78, 79, 82, 87, 88, 90, 91, 92, 93, 94, 95, 96, 97, 98, 99, 100, 101, 102, 103, 104, 107, 108, 109, 110, 111, 112, 113, 114, 115, 116, 117, 118, 120, 131, 132, 138, 141, 156, 157, 159, 160, 161, 164, 166, 168, 177, 178, 185, 191, 193, 195, 196, 198, 199, 200, 202, 205, 207, 209, 211, 213, 214, 215, 218, 219, 220, 221, 222, 224, 227, 228, 229, 232, 233, 234, 236, 237, 238, 239, 240, 241, 243, 253, 254, 256, 262, 264, 266, 267, 269, 270, 271, 273, 276, 278, 279, 280, 281, 282, 283, 284, 286, 289, 290, 291, 292, 293, 295, 305, 306, 308, 332, 333, 335, 336, 337, 339, 342, 343, 346, 347, 353, 354, 355, 364, 365, 368, 370, 371, 372, 378, 379, 380, 381, 384, 385, 386, 387, 394, 395, 396, 397, 398, 399, 402, 403, 404, 405, 406, 407, 410, 436, 437, 443, 445, 446, 447, 449, 452, 454, 455, 458, 460, 461, 465, 468, 469, 473, 475, 476, 477, 478, 479, 486, 488, 500, 502, 504, 507, 510, 511, 512, 513, 514, 515, 522, 523, 526, 527, 528, 529, 530, 531, 538, 539, 541, 546, 547, 553, 554, 555, 556, 558, 561, 563, 564, 566, 572, 575, 577, 578, 579, 585, 590, 592, 593, 594, 599, 601, 602, 607, 608, 609, 610, 611, 619, 621, 622, 623, 626, 628, 633, 634, 640, 641, 648, 649], "excluded_lines": [], "functions": {"parse_agent_markdown": {"executed_lines": [], "summary": {"covered_lines": 0, "num_statements": 66, "percent_covered": 0.0, "percent_covered_display": "0", "missing_lines": 66, "excluded_lines": 0}, "missing_lines": [38, 39, 40, 42, 45, 46, 47, 48, 49, 52, 53, 54, 55, 56, 57, 60, 61, 62, 63, 64, 65, 68, 69, 70, 71, 72, 73, 74, 75, 76, 77, 78, 79, 82, 87, 88, 90, 91, 92, 93, 94, 95, 96, 97, 98, 99, 100, 101, 102, 103, 104, 107, 108, 109, 110, 111, 112, 113, 114, 115, 116, 117, 118, 120, 131, 132], "excluded_lines": []}, "load_l1_agents": {"executed_lines": [], "summary": {"covered_lines": 0, "num_statements": 13, "percent_covered": 0.0, "percent_covered_display": "0", "missing_lines": 13, "excluded_lines": 0}, "missing_lines": [138, 141, 156, 157, 159, 160, 161, 164, 166, 168, 177, 178, 185], "excluded_lines": []}, "load_l2_agents": {"executed_lines": [], "summary": {"covered_lines": 0, "num_statements": 37, "percent_covered": 0.0, "percent_covered_display": "0", "missing_lines": 37, "excluded_lines": 0}, "missing_lines": [191, 193, 195, 196, 198, 199, 200, 202, 205, 207, 209, 211, 213, 214, 215, 218, 219, 220, 221, 222, 224, 227, 228, 229, 232, 233, 234, 236, 237, 238, 239, 240, 241, 243, 253, 254, 256], "excluded_lines": []}, "load_l3_agents": {"executed_lines": [], "summary": {"covered_lines": 0, "num_statements": 26, "percent_covered": 0.0, "percent_covered_display": "0", "missing_lines": 26, "excluded_lines": 0}, "missing_lines": [262, 264, 266, 267, 269, 270, 271, 273, 276, 278, 279, 280, 281, 282, 283, 284, 286, 289, 290, 291, 292, 293, 295, 305, 306, 308], "excluded_lines": []}, "list_all_agents": {"executed_lines": [], "summary": {"covered_lines": 0, "num_statements": 19, "percent_covered": 0.0, "percent_covered_display": "0", "missing_lines": 19, "excluded_lines": 0}, "missing_lines": [332, 333, 335, 336, 337, 339, 342, 343, 346, 347, 353, 354, 355, 364, 365, 368, 370, 371, 372], "excluded_lines": []}, "get_agent_stats": {"executed_lines": [], "summary": {"covered_lines": 0, "num_statements": 23, "percent_covered": 0.0, "percent_covered_display": "0", "missing_lines": 23, "excluded_lines": 0}, "missing_lines": [378, 379, 380, 381, 384, 385, 386, 387, 394, 395, 396, 397, 398, 399, 402, 403, 404, 405, 406, 407, 410, 436, 437], "excluded_lines": []}, "get_agent_details": {"executed_lines": [], "summary": {"covered_lines": 0, "num_statements": 20, "percent_covered": 0.0, "percent_covered_display": "0", "missing_lines": 20, "excluded_lines": 0}, "missing_lines": [443, 445, 446, 447, 449, 452, 454, 455, 458, 460, 461, 465, 468, 469, 473, 475, 476, 477, 478, 479], "excluded_lines": []}, "get_agent_knowledge": {"executed_lines": [], "summary": {"covered_lines": 0, "num_statements": 25, "percent_covered": 0.0, "percent_covered_display": "0", "missing_lines": 25, "excluded_lines": 0}, "missing_lines": [486, 488, 500, 502, 504, 507, 510, 511, 512, 513, 514, 515, 522, 523, 526, 527, 528, 529, 530, 531, 538, 539, 541, 546, 547], "excluded_lines": []}, "get_agent_hierarchy": {"executed_lines": [], "summary": {"covered_lines": 0, "num_statements": 27, "percent_covered": 0.0, "percent_covered_display": "0", "missing_lines": 27, "excluded_lines": 0}, "missing_lines": [553, 554, 555, 556, 558, 561, 563, 564, 566, 572, 575, 577, 578, 579, 585, 590, 592, 593, 594, 599, 601, 602, 607, 608, 609, 610, 611], "excluded_lines": []}, "invalidate_agents_cache": {"executed_lines": [], "summary": {"covered_lines": 0, "num_statements": 8, "percent_covered": 0.0, "percent_covered_display": "0", "missing_lines": 8, "excluded_lines": 0}, "missing_lines": [619, 621, 622, 623, 626, 628, 633, 634], "excluded_lines": []}, "get_cache_stats": {"executed_lines": [], "summary": {"covered_lines": 0, "num_statements": 4, "percent_covered": 0.0, "percent_covered_display": "0", "missing_lines": 4, "excluded_lines": 0}, "missing_lines": [640, 641, 648, 649], "excluded_lines": []}, "": {"executed_lines": [1, 8, 9, 10, 11, 12, 13, 14, 15, 16, 19, 20, 21, 22, 23, 24, 26, 29, 30, 33, 36, 135, 136, 188, 189, 259, 260, 311, 312, 313, 314, 375, 376, 440, 441, 482, 483, 484, 550, 551, 615, 616, 617, 637, 638], "summary": {"covered_lines": 44, "num_statements": 44, "percent_covered": 100.0, "percent_covered_display": "100", "missing_lines": 0, "excluded_lines": 0}, "missing_lines": [], "excluded_lines": []}}, "classes": {"": {"executed_lines": [1, 8, 9, 10, 11, 12, 13, 14, 15, 16, 19, 20, 21, 22, 23, 24, 26, 29, 30, 33, 36, 135, 136, 188, 189, 259, 260, 311, 312, 313, 314, 375, 376, 440, 441, 482, 483, 484, 550, 551, 615, 616, 617, 637, 638], "summary": {"covered_lines": 44, "num_statements": 312, "percent_covered": 14.102564102564102, "percent_covered_display": "14", "missing_lines": 268, "excluded_lines": 0}, "missing_lines": [38, 39, 40, 42, 45, 46, 47, 48, 49, 52, 53, 54, 55, 56, 57, 60, 61, 62, 63, 64, 65, 68, 69, 70, 71, 72, 73, 74, 75, 76, 77, 78, 79, 82, 87, 88, 90, 91, 92, 93, 94, 95, 96, 97, 98, 99, 100, 101, 102, 103, 104, 107, 108, 109, 110, 111, 112, 113, 114, 115, 116, 117, 118, 120, 131, 132, 138, 141, 156, 157, 159, 160, 161, 164, 166, 168, 177, 178, 185, 191, 193, 195, 196, 198, 199, 200, 202, 205, 207, 209, 211, 213, 214, 215, 218, 219, 220, 221, 222, 224, 227, 228, 229, 232, 233, 234, 236, 237, 238, 239, 240, 241, 243, 253, 254, 256, 262, 264, 266, 267, 269, 270, 271, 273, 276, 278, 279, 280, 281, 282, 283, 284, 286, 289, 290, 291, 292, 293, 295, 305, 306, 308, 332, 333, 335, 336, 337, 339, 342, 343, 346, 347, 353, 354, 355, 364, 365, 368, 370, 371, 372, 378, 379, 380, 381, 384, 385, 386, 387, 394, 395, 396, 397, 398, 399, 402, 403, 404, 405, 406, 407, 410, 436, 437, 443, 445, 446, 447, 449, 452, 454, 455, 458, 460, 461, 465, 468, 469, 473, 475, 476, 477, 478, 479, 486, 488, 500, 502, 504, 507, 510, 511, 512, 513, 514, 515, 522, 523, 526, 527, 528, 529, 530, 531, 538, 539, 541, 546, 547, 553, 554, 555, 556, 558, 561, 563, 564, 566, 572, 575, 577, 578, 579, 585, 590, 592, 593, 594, 599, 601, 602, 607, 608, 609, 610, 611, 619, 621, 622, 623, 626, 628, 633, 634, 640, 641, 648, 649], "excluded_lines": []}}}, "api\\auth.py": {"executed_lines": [1, 6, 7, 8, 9, 10, 11, 12, 14, 15, 16, 26, 27, 30, 34, 35, 36, 37, 40, 41, 42, 43, 44, 45, 46, 49, 50, 51, 52, 55, 56, 57, 58, 59, 60, 64, 65, 66, 123, 124, 125, 182, 183, 184, 243, 244, 253, 254, 255, 309, 310, 311, 344, 345, 361, 362, 388, 389, 390, 443, 444, 445, 486, 487], "summary": {"covered_lines": 59, "num_statements": 209, "percent_covered": 28.229665071770334, "percent_covered_display": "28", "missing_lines": 150, "excluded_lines": 0}, "missing_lines": [76, 78, 81, 84, 85, 92, 93, 99, 100, 103, 111, 117, 118, 119, 120, 135, 137, 140, 143, 144, 151, 152, 158, 159, 162, 170, 176, 177, 178, 179, 195, 197, 200, 202, 203, 209, 210, 213, 215, 216, 222, 231, 232, 233, 235, 237, 238, 239, 240, 250, 267, 269, 270, 276, 278, 281, 282, 283, 287, 289, 290, 292, 293, 295, 296, 298, 299, 301, 303, 304, 305, 306, 320, 322, 323, 329, 330, 332, 337, 338, 339, 340, 352, 353, 354, 355, 357, 358, 370, 371, 372, 374, 375, 380, 382, 383, 384, 385, 400, 401, 402, 404, 405, 411, 412, 415, 416, 417, 421, 423, 424, 426, 427, 429, 430, 432, 433, 435, 437, 438, 439, 440, 456, 457, 458, 463, 464, 466, 467, 472, 473, 475, 480, 481, 482, 483, 494, 496, 497, 500, 503, 506, 509, 511, 514, 516, 519, 521, 533, 534], "excluded_lines": [], "functions": {"login": {"executed_lines": [], "summary": {"covered_lines": 0, "num_statements": 15, "percent_covered": 0.0, "percent_covered_display": "0", "missing_lines": 15, "excluded_lines": 0}, "missing_lines": [76, 78, 81, 84, 85, 92, 93, 99, 100, 103, 111, 117, 118, 119, 120], "excluded_lines": []}, "login_form": {"executed_lines": [], "summary": {"covered_lines": 0, "num_statements": 15, "percent_covered": 0.0, "percent_covered_display": "0", "missing_lines": 15, "excluded_lines": 0}, "missing_lines": [135, 137, 140, 143, 144, 151, 152, 158, 159, 162, 170, 176, 177, 178, 179], "excluded_lines": []}, "register": {"executed_lines": [], "summary": {"covered_lines": 0, "num_statements": 19, "percent_covered": 0.0, "percent_covered_display": "0", "missing_lines": 19, "excluded_lines": 0}, "missing_lines": [195, 197, 200, 202, 203, 209, 210, 213, 215, 216, 222, 231, 232, 233, 235, 237, 238, 239, 240], "excluded_lines": []}, "get_current_user_info": {"executed_lines": [], "summary": {"covered_lines": 0, "num_statements": 1, "percent_covered": 0.0, "percent_covered_display": "0", "missing_lines": 1, "excluded_lines": 0}, "missing_lines": [250], "excluded_lines": []}, "update_current_user": {"executed_lines": [], "summary": {"covered_lines": 0, "num_statements": 22, "percent_covered": 0.0, "percent_covered_display": "0", "missing_lines": 22, "excluded_lines": 0}, "missing_lines": [267, 269, 270, 276, 278, 281, 282, 283, 287, 289, 290, 292, 293, 295, 296, 298, 299, 301, 303, 304, 305, 306], "excluded_lines": []}, "change_password": {"executed_lines": [], "summary": {"covered_lines": 0, "num_statements": 10, "percent_covered": 0.0, "percent_covered_display": "0", "missing_lines": 10, "excluded_lines": 0}, "missing_lines": [320, 322, 323, 329, 330, 332, 337, 338, 339, 340], "excluded_lines": []}, "list_users": {"executed_lines": [], "summary": {"covered_lines": 0, "num_statements": 6, "percent_covered": 0.0, "percent_covered_display": "0", "missing_lines": 6, "excluded_lines": 0}, "missing_lines": [352, 353, 354, 355, 357, 358], "excluded_lines": []}, "get_user": {"executed_lines": [], "summary": {"covered_lines": 0, "num_statements": 10, "percent_covered": 0.0, "percent_covered_display": "0", "missing_lines": 10, "excluded_lines": 0}, "missing_lines": [370, 371, 372, 374, 375, 380, 382, 383, 384, 385], "excluded_lines": []}, "update_user": {"executed_lines": [], "summary": {"covered_lines": 0, "num_statements": 24, "percent_covered": 0.0, "percent_covered_display": "0", "missing_lines": 24, "excluded_lines": 0}, "missing_lines": [400, 401, 402, 404, 405, 411, 412, 415, 416, 417, 421, 423, 424, 426, 427, 429, 430, 432, 433, 435, 437, 438, 439, 440], "excluded_lines": []}, "delete_user": {"executed_lines": [], "summary": {"covered_lines": 0, "num_statements": 14, "percent_covered": 0.0, "percent_covered_display": "0", "missing_lines": 14, "excluded_lines": 0}, "missing_lines": [456, 457, 458, 463, 464, 466, 467, 472, 473, 475, 480, 481, 482, 483], "excluded_lines": []}, "get_auth_stats": {"executed_lines": [], "summary": {"covered_lines": 0, "num_statements": 14, "percent_covered": 0.0, "percent_covered_display": "0", "missing_lines": 14, "excluded_lines": 0}, "missing_lines": [494, 496, 497, 500, 503, 506, 509, 511, 514, 516, 519, 521, 533, 534], "excluded_lines": []}, "": {"executed_lines": [1, 6, 7, 8, 9, 10, 11, 12, 14, 15, 16, 26, 27, 30, 34, 35, 36, 37, 40, 41, 42, 43, 44, 45, 46, 49, 50, 51, 52, 55, 56, 57, 58, 59, 60, 64, 65, 66, 123, 124, 125, 182, 183, 184, 243, 244, 253, 254, 255, 309, 310, 311, 344, 345, 361, 362, 388, 389, 390, 443, 444, 445, 486, 487], "summary": {"covered_lines": 59, "num_statements": 59, "percent_covered": 100.0, "percent_covered_display": "100", "missing_lines": 0, "excluded_lines": 0}, "missing_lines": [], "excluded_lines": []}}, "classes": {"LoginRequest": {"executed_lines": [], "summary": {"covered_lines": 0, "num_statements": 0, "percent_covered": 100.0, "percent_covered_display": "100", "missing_lines": 0, "excluded_lines": 0}, "missing_lines": [], "excluded_lines": []}, "RegisterRequest": {"executed_lines": [], "summary": {"covered_lines": 0, "num_statements": 0, "percent_covered": 100.0, "percent_covered_display": "100", "missing_lines": 0, "excluded_lines": 0}, "missing_lines": [], "excluded_lines": []}, "ChangePasswordRequest": {"executed_lines": [], "summary": {"covered_lines": 0, "num_statements": 0, "percent_covered": 100.0, "percent_covered_display": "100", "missing_lines": 0, "excluded_lines": 0}, "missing_lines": [], "excluded_lines": []}, "UpdateUserRequest": {"executed_lines": [], "summary": {"covered_lines": 0, "num_statements": 0, "percent_covered": 100.0, "percent_covered_display": "100", "missing_lines": 0, "excluded_lines": 0}, "missing_lines": [], "excluded_lines": []}, "": {"executed_lines": [1, 6, 7, 8, 9, 10, 11, 12, 14, 15, 16, 26, 27, 30, 34, 35, 36, 37, 40, 41, 42, 43, 44, 45, 46, 49, 50, 51, 52, 55, 56, 57, 58, 59, 60, 64, 65, 66, 123, 124, 125, 182, 183, 184, 243, 244, 253, 254, 255, 309, 310, 311, 344, 345, 361, 362, 388, 389, 390, 443, 444, 445, 486, 487], "summary": {"covered_lines": 59, "num_statements": 209, "percent_covered": 28.229665071770334, "percent_covered_display": "28", "missing_lines": 150, "excluded_lines": 0}, "missing_lines": [76, 78, 81, 84, 85, 92, 93, 99, 100, 103, 111, 117, 118, 119, 120, 135, 137, 140, 143, 144, 151, 152, 158, 159, 162, 170, 176, 177, 178, 179, 195, 197, 200, 202, 203, 209, 210, 213, 215, 216, 222, 231, 232, 233, 235, 237, 238, 239, 240, 250, 267, 269, 270, 276, 278, 281, 282, 283, 287, 289, 290, 292, 293, 295, 296, 298, 299, 301, 303, 304, 305, 306, 320, 322, 323, 329, 330, 332, 337, 338, 339, 340, 352, 353, 354, 355, 357, 358, 370, 371, 372, 374, 375, 380, 382, 383, 384, 385, 400, 401, 402, 404, 405, 411, 412, 415, 416, 417, 421, 423, 424, 426, 427, 429, 430, 432, 433, 435, 437, 438, 439, 440, 456, 457, 458, 463, 464, 466, 467, 472, 473, 475, 480, 481, 482, 483, 494, 496, 497, 500, 503, 506, 509, 511, 514, 516, 519, 521, 533, 534], "excluded_lines": []}}}, "api\\cache.py": {"executed_lines": [1, 6, 7, 8, 9, 12, 13, 15, 18, 19, 69, 70, 89, 90, 108, 109, 149, 150], "summary": {"covered_lines": 17, "num_statements": 101, "percent_covered": 16.831683168316832, "percent_covered_display": "17", "missing_lines": 84, "excluded_lines": 0}, "missing_lines": [35, 36, 39, 40, 41, 42, 43, 44, 45, 46, 47, 50, 51, 52, 53, 54, 55, 56, 57, 59, 65, 66, 72, 73, 75, 76, 77, 78, 80, 85, 86, 92, 93, 95, 96, 97, 99, 104, 105, 115, 116, 122, 123, 124, 130, 131, 134, 135, 136, 141, 142, 144, 145, 146, 156, 157, 164, 165, 166, 168, 176, 177, 178, 180, 181, 182, 186, 187, 189, 190, 191, 194, 195, 199, 200, 204, 205, 206, 210, 211, 212, 214, 215, 216], "excluded_lines": [], "functions": {"invalidate_all_caches": {"executed_lines": [], "summary": {"covered_lines": 0, "num_statements": 22, "percent_covered": 0.0, "percent_covered_display": "0", "missing_lines": 22, "excluded_lines": 0}, "missing_lines": [35, 36, 39, 40, 41, 42, 43, 44, 45, 46, 47, 50, 51, 52, 53, 54, 55, 56, 57, 59, 65, 66], "excluded_lines": []}, "invalidate_agents_cache": {"executed_lines": [], "summary": {"covered_lines": 0, "num_statements": 9, "percent_covered": 0.0, "percent_covered_display": "0", "missing_lines": 9, "excluded_lines": 0}, "missing_lines": [72, 73, 75, 76, 77, 78, 80, 85, 86], "excluded_lines": []}, "invalidate_knowledge_cache": {"executed_lines": [], "summary": {"covered_lines": 0, "num_statements": 8, "percent_covered": 0.0, "percent_covered_display": "0", "missing_lines": 8, "excluded_lines": 0}, "missing_lines": [92, 93, 95, 96, 97, 99, 104, 105], "excluded_lines": []}, "get_all_cache_stats": {"executed_lines": [], "summary": {"covered_lines": 0, "num_statements": 15, "percent_covered": 0.0, "percent_covered_display": "0", "missing_lines": 15, "excluded_lines": 0}, "missing_lines": [115, 116, 122, 123, 124, 130, 131, 134, 135, 136, 141, 142, 144, 145, 146], "excluded_lines": []}, "check_cache_health": {"executed_lines": [], "summary": {"covered_lines": 0, "num_statements": 30, "percent_covered": 0.0, "percent_covered_display": "0", "missing_lines": 30, "excluded_lines": 0}, "missing_lines": [156, 157, 164, 165, 166, 168, 176, 177, 178, 180, 181, 182, 186, 187, 189, 190, 191, 194, 195, 199, 200, 204, 205, 206, 210, 211, 212, 214, 215, 216], "excluded_lines": []}, "": {"executed_lines": [1, 6, 7, 8, 9, 12, 13, 15, 18, 19, 69, 70, 89, 90, 108, 109, 149, 150], "summary": {"covered_lines": 17, "num_statements": 17, "percent_covered": 100.0, "percent_covered_display": "100", "missing_lines": 0, "excluded_lines": 0}, "missing_lines": [], "excluded_lines": []}}, "classes": {"": {"executed_lines": [1, 6, 7, 8, 9, 12, 13, 15, 18, 19, 69, 70, 89, 90, 108, 109, 149, 150], "summary": {"covered_lines": 17, "num_statements": 101, "percent_covered": 16.831683168316832, "percent_covered_display": "17", "missing_lines": 84, "excluded_lines": 0}, "missing_lines": [35, 36, 39, 40, 41, 42, 43, 44, 45, 46, 47, 50, 51, 52, 53, 54, 55, 56, 57, 59, 65, 66, 72, 73, 75, 76, 77, 78, 80, 85, 86, 92, 93, 95, 96, 97, 99, 104, 105, 115, 116, 122, 123, 124, 130, 131, 134, 135, 136, 141, 142, 144, 145, 146, 156, 157, 164, 165, 166, 168, 176, 177, 178, 180, 181, 182, 186, 187, 189, 190, 191, 194, 195, 199, 200, 204, 205, 206, 210, 211, 212, 214, 215, 216], "excluded_lines": []}}}, "api\\comfyui.py": {"executed_lines": [1, 6, 7, 8, 9, 10, 11, 12, 13, 14, 15, 17, 20, 21, 22, 23, 24, 27, 42, 51, 70, 71, 72, 120, 121, 122, 159, 160, 161, 243, 244, 245, 306, 307, 308, 334, 335, 336, 377, 378, 420, 421], "summary": {"covered_lines": 41, "num_statements": 202, "percent_covered": 20.297029702970296, "percent_covered_display": "20", "missing_lines": 161, "excluded_lines": 0}, "missing_lines": [29, 30, 31, 32, 33, 34, 35, 36, 37, 38, 39, 44, 45, 46, 47, 48, 53, 54, 55, 56, 57, 61, 62, 67, 74, 75, 77, 78, 80, 81, 84, 85, 87, 99, 100, 107, 109, 116, 117, 124, 126, 127, 134, 136, 137, 139, 140, 141, 148, 155, 156, 166, 168, 169, 176, 177, 182, 183, 189, 196, 197, 199, 200, 203, 206, 207, 216, 217, 220, 221, 231, 237, 238, 239, 240, 247, 248, 250, 251, 256, 259, 260, 263, 264, 265, 266, 271, 274, 275, 278, 280, 281, 288, 293, 294, 300, 301, 302, 303, 310, 311, 312, 319, 320, 321, 323, 330, 331, 338, 339, 353, 354, 355, 359, 360, 363, 364, 365, 369, 371, 373, 374, 380, 381, 383, 384, 389, 391, 392, 393, 396, 397, 399, 407, 408, 410, 416, 417, 423, 424, 430, 431, 433, 434, 437, 438, 441, 442, 443, 445, 448, 455, 456, 457, 458, 459, 460, 462, 464, 466, 467], "excluded_lines": [], "functions": {"find_comfyui_process": {"executed_lines": [], "summary": {"covered_lines": 0, "num_statements": 11, "percent_covered": 0.0, "percent_covered_display": "0", "missing_lines": 11, "excluded_lines": 0}, "missing_lines": [29, 30, 31, 32, 33, 34, 35, 36, 37, 38, 39], "excluded_lines": []}, "check_port_in_use": {"executed_lines": [], "summary": {"covered_lines": 0, "num_statements": 5, "percent_covered": 0.0, "percent_covered_display": "0", "missing_lines": 5, "excluded_lines": 0}, "missing_lines": [44, 45, 46, 47, 48], "excluded_lines": []}, "get_comfyui_api_status": {"executed_lines": [], "summary": {"covered_lines": 0, "num_statements": 8, "percent_covered": 0.0, "percent_covered_display": "0", "missing_lines": 8, "excluded_lines": 0}, "missing_lines": [53, 54, 55, 56, 57, 61, 62, 67], "excluded_lines": []}, "get_comfyui_status": {"executed_lines": [], "summary": {"covered_lines": 0, "num_statements": 15, "percent_covered": 0.0, "percent_covered_display": "0", "missing_lines": 15, "excluded_lines": 0}, "missing_lines": [74, 75, 77, 78, 80, 81, 84, 85, 87, 99, 100, 107, 109, 116, 117], "excluded_lines": []}, "get_comfyui_port": {"executed_lines": [], "summary": {"covered_lines": 0, "num_statements": 12, "percent_covered": 0.0, "percent_covered_display": "0", "missing_lines": 12, "excluded_lines": 0}, "missing_lines": [124, 126, 127, 134, 136, 137, 139, 140, 141, 148, 155, 156], "excluded_lines": []}, "start_comfyui": {"executed_lines": [], "summary": {"covered_lines": 0, "num_statements": 24, "percent_covered": 0.0, "percent_covered_display": "0", "missing_lines": 24, "excluded_lines": 0}, "missing_lines": [166, 168, 169, 176, 177, 182, 183, 189, 196, 197, 199, 200, 203, 206, 207, 216, 217, 220, 221, 231, 237, 238, 239, 240], "excluded_lines": []}, "stop_comfyui": {"executed_lines": [], "summary": {"covered_lines": 0, "num_statements": 24, "percent_covered": 0.0, "percent_covered_display": "0", "missing_lines": 24, "excluded_lines": 0}, "missing_lines": [247, 248, 250, 251, 256, 259, 260, 263, 264, 265, 266, 271, 274, 275, 278, 280, 281, 288, 293, 294, 300, 301, 302, 303], "excluded_lines": []}, "get_comfyui_logs": {"executed_lines": [], "summary": {"covered_lines": 0, "num_statements": 9, "percent_covered": 0.0, "percent_covered_display": "0", "missing_lines": 9, "excluded_lines": 0}, "missing_lines": [310, 311, 312, 319, 320, 321, 323, 330, 331], "excluded_lines": []}, "get_comfyui_config": {"executed_lines": [], "summary": {"covered_lines": 0, "num_statements": 14, "percent_covered": 0.0, "percent_covered_display": "0", "missing_lines": 14, "excluded_lines": 0}, "missing_lines": [338, 339, 353, 354, 355, 359, 360, 363, 364, 365, 369, 371, 373, 374], "excluded_lines": []}, "list_workflows": {"executed_lines": [], "summary": {"covered_lines": 0, "num_statements": 16, "percent_covered": 0.0, "percent_covered_display": "0", "missing_lines": 16, "excluded_lines": 0}, "missing_lines": [380, 381, 383, 384, 389, 391, 392, 393, 396, 397, 399, 407, 408, 410, 416, 417], "excluded_lines": []}, "check_comfyui_health": {"executed_lines": [], "summary": {"covered_lines": 0, "num_statements": 23, "percent_covered": 0.0, "percent_covered_display": "0", "missing_lines": 23, "excluded_lines": 0}, "missing_lines": [423, 424, 430, 431, 433, 434, 437, 438, 441, 442, 443, 445, 448, 455, 456, 457, 458, 459, 460, 462, 464, 466, 467], "excluded_lines": []}, "": {"executed_lines": [1, 6, 7, 8, 9, 10, 11, 12, 13, 14, 15, 17, 20, 21, 22, 23, 24, 27, 42, 51, 70, 71, 72, 120, 121, 122, 159, 160, 161, 243, 244, 245, 306, 307, 308, 334, 335, 336, 377, 378, 420, 421], "summary": {"covered_lines": 41, "num_statements": 41, "percent_covered": 100.0, "percent_covered_display": "100", "missing_lines": 0, "excluded_lines": 0}, "missing_lines": [], "excluded_lines": []}}, "classes": {"": {"executed_lines": [1, 6, 7, 8, 9, 10, 11, 12, 13, 14, 15, 17, 20, 21, 22, 23, 24, 27, 42, 51, 70, 71, 72, 120, 121, 122, 159, 160, 161, 243, 244, 245, 306, 307, 308, 334, 335, 336, 377, 378, 420, 421], "summary": {"covered_lines": 41, "num_statements": 202, "percent_covered": 20.297029702970296, "percent_covered_display": "20", "missing_lines": 161, "excluded_lines": 0}, "missing_lines": [29, 30, 31, 32, 33, 34, 35, 36, 37, 38, 39, 44, 45, 46, 47, 48, 53, 54, 55, 56, 57, 61, 62, 67, 74, 75, 77, 78, 80, 81, 84, 85, 87, 99, 100, 107, 109, 116, 117, 124, 126, 127, 134, 136, 137, 139, 140, 141, 148, 155, 156, 166, 168, 169, 176, 177, 182, 183, 189, 196, 197, 199, 200, 203, 206, 207, 216, 217, 220, 221, 231, 237, 238, 239, 240, 247, 248, 250, 251, 256, 259, 260, 263, 264, 265, 266, 271, 274, 275, 278, 280, 281, 288, 293, 294, 300, 301, 302, 303, 310, 311, 312, 319, 320, 321, 323, 330, 331, 338, 339, 353, 354, 355, 359, 360, 363, 364, 365, 369, 371, 373, 374, 380, 381, 383, 384, 389, 391, 392, 393, 396, 397, 399, 407, 408, 410, 416, 417, 423, 424, 430, 431, 433, 434, 437, 438, 441, 442, 443, 445, 448, 455, 456, 457, 458, 459, 460, 462, 464, 466, 467], "excluded_lines": []}}}, "api\\docker.py": {"executed_lines": [1, 6, 7, 8, 9, 10, 11, 13, 16, 18, 19, 25, 30, 32, 33, 40, 58, 59, 60, 108, 109, 110, 160, 161, 162, 226, 227, 228, 230, 231, 234, 236, 243, 248, 249, 254, 255, 256, 258, 259, 262, 264, 271, 276, 277, 282, 283, 284, 310, 311, 312, 318, 319, 322, 323, 324, 326, 328, 330, 339, 344, 345, 350, 351, 352, 393, 394, 395, 472, 473, 474], "summary": {"covered_lines": 70, "num_statements": 223, "percent_covered": 31.390134529147982, "percent_covered_display": "31", "missing_lines": 153, "excluded_lines": 0}, "missing_lines": [26, 27, 46, 47, 51, 52, 62, 63, 64, 71, 73, 74, 82, 83, 85, 97, 98, 104, 105, 114, 115, 116, 119, 120, 121, 123, 125, 126, 132, 133, 134, 135, 136, 137, 146, 147, 149, 154, 155, 156, 157, 164, 165, 166, 168, 170, 171, 177, 178, 180, 181, 183, 186, 187, 188, 190, 217, 218, 220, 221, 222, 223, 232, 237, 250, 251, 260, 265, 278, 279, 286, 287, 288, 290, 292, 293, 299, 304, 305, 306, 307, 320, 331, 333, 346, 347, 354, 355, 356, 358, 360, 361, 367, 368, 369, 370, 371, 372, 379, 380, 382, 387, 388, 389, 390, 397, 398, 399, 402, 409, 411, 418, 419, 426, 432, 434, 435, 436, 437, 438, 441, 442, 444, 445, 447, 448, 453, 457, 458, 460, 466, 467, 468, 469, 476, 477, 478, 480, 486, 487, 493, 494, 495, 496, 497, 498, 506, 507, 509, 515, 516, 517, 518], "excluded_lines": [], "functions": {"check_docker_installed": {"executed_lines": [18, 19, 25], "summary": {"covered_lines": 3, "num_statements": 5, "percent_covered": 60.0, "percent_covered_display": "60", "missing_lines": 2, "excluded_lines": 0}, "missing_lines": [26, 27], "excluded_lines": []}, "run_docker_command": {"executed_lines": [32, 33, 40], "summary": {"covered_lines": 3, "num_statements": 7, "percent_covered": 42.857142857142854, "percent_covered_display": "43", "missing_lines": 4, "excluded_lines": 0}, "missing_lines": [46, 47, 51, 52], "excluded_lines": []}, "get_docker_status": {"executed_lines": [], "summary": {"covered_lines": 0, "num_statements": 13, "percent_covered": 0.0, "percent_covered_display": "0", "missing_lines": 13, "excluded_lines": 0}, "missing_lines": [62, 63, 64, 71, 73, 74, 82, 83, 85, 97, 98, 104, 105], "excluded_lines": []}, "list_containers": {"executed_lines": [], "summary": {"covered_lines": 0, "num_statements": 22, "percent_covered": 0.0, "percent_covered_display": "0", "missing_lines": 22, "excluded_lines": 0}, "missing_lines": [114, 115, 116, 119, 120, 121, 123, 125, 126, 132, 133, 134, 135, 136, 137, 146, 147, 149, 154, 155, 156, 157], "excluded_lines": []}, "get_container_details": {"executed_lines": [], "summary": {"covered_lines": 0, "num_statements": 21, "percent_covered": 0.0, "percent_covered_display": "0", "missing_lines": 21, "excluded_lines": 0}, "missing_lines": [164, 165, 166, 168, 170, 171, 177, 178, 180, 181, 183, 186, 187, 188, 190, 217, 218, 220, 221, 222, 223], "excluded_lines": []}, "start_container": {"executed_lines": [230, 231, 234, 236, 243, 248, 249], "summary": {"covered_lines": 7, "num_statements": 11, "percent_covered": 63.63636363636363, "percent_covered_display": "64", "missing_lines": 4, "excluded_lines": 0}, "missing_lines": [232, 237, 250, 251], "excluded_lines": []}, "stop_container": {"executed_lines": [258, 259, 262, 264, 271, 276, 277], "summary": {"covered_lines": 7, "num_statements": 11, "percent_covered": 63.63636363636363, "percent_covered_display": "64", "missing_lines": 4, "excluded_lines": 0}, "missing_lines": [260, 265, 278, 279], "excluded_lines": []}, "restart_container": {"executed_lines": [], "summary": {"covered_lines": 0, "num_statements": 11, "percent_covered": 0.0, "percent_covered_display": "0", "missing_lines": 11, "excluded_lines": 0}, "missing_lines": [286, 287, 288, 290, 292, 293, 299, 304, 305, 306, 307], "excluded_lines": []}, "get_container_logs": {"executed_lines": [318, 319, 322, 323, 324, 326, 328, 330, 339, 344, 345], "summary": {"covered_lines": 11, "num_statements": 16, "percent_covered": 68.75, "percent_covered_display": "69", "missing_lines": 5, "excluded_lines": 0}, "missing_lines": [320, 331, 333, 346, 347], "excluded_lines": []}, "list_images": {"executed_lines": [], "summary": {"covered_lines": 0, "num_statements": 19, "percent_covered": 0.0, "percent_covered_display": "0", "missing_lines": 19, "excluded_lines": 0}, "missing_lines": [354, 355, 356, 358, 360, 361, 367, 368, 369, 370, 371, 372, 379, 380, 382, 387, 388, 389, 390], "excluded_lines": []}, "list_compose_projects": {"executed_lines": [], "summary": {"covered_lines": 0, "num_statements": 29, "percent_covered": 0.0, "percent_covered_display": "0", "missing_lines": 29, "excluded_lines": 0}, "missing_lines": [397, 398, 399, 402, 409, 411, 418, 419, 426, 432, 434, 435, 436, 437, 438, 441, 442, 444, 445, 447, 448, 453, 457, 458, 460, 466, 467, 468, 469], "excluded_lines": []}, "get_docker_stats": {"executed_lines": [], "summary": {"covered_lines": 0, "num_statements": 19, "percent_covered": 0.0, "percent_covered_display": "0", "missing_lines": 19, "excluded_lines": 0}, "missing_lines": [476, 477, 478, 480, 486, 487, 493, 494, 495, 496, 497, 498, 506, 507, 509, 515, 516, 517, 518], "excluded_lines": []}, "": {"executed_lines": [1, 6, 7, 8, 9, 10, 11, 13, 16, 30, 58, 59, 60, 108, 109, 110, 160, 161, 162, 226, 227, 228, 254, 255, 256, 282, 283, 284, 310, 311, 312, 350, 351, 352, 393, 394, 395, 472, 473, 474], "summary": {"covered_lines": 39, "num_statements": 39, "percent_covered": 100.0, "percent_covered_display": "100", "missing_lines": 0, "excluded_lines": 0}, "missing_lines": [], "excluded_lines": []}}, "classes": {"": {"executed_lines": [1, 6, 7, 8, 9, 10, 11, 13, 16, 18, 19, 25, 30, 32, 33, 40, 58, 59, 60, 108, 109, 110, 160, 161, 162, 226, 227, 228, 230, 231, 234, 236, 243, 248, 249, 254, 255, 256, 258, 259, 262, 264, 271, 276, 277, 282, 283, 284, 310, 311, 312, 318, 319, 322, 323, 324, 326, 328, 330, 339, 344, 345, 350, 351, 352, 393, 394, 395, 472, 473, 474], "summary": {"covered_lines": 70, "num_statements": 223, "percent_covered": 31.390134529147982, "percent_covered_display": "31", "missing_lines": 153, "excluded_lines": 0}, "missing_lines": [26, 27, 46, 47, 51, 52, 62, 63, 64, 71, 73, 74, 82, 83, 85, 97, 98, 104, 105, 114, 115, 116, 119, 120, 121, 123, 125, 126, 132, 133, 134, 135, 136, 137, 146, 147, 149, 154, 155, 156, 157, 164, 165, 166, 168, 170, 171, 177, 178, 180, 181, 183, 186, 187, 188, 190, 217, 218, 220, 221, 222, 223, 232, 237, 250, 251, 260, 265, 278, 279, 286, 287, 288, 290, 292, 293, 299, 304, 305, 306, 307, 320, 331, 333, 346, 347, 354, 355, 356, 358, 360, 361, 367, 368, 369, 370, 371, 372, 379, 380, 382, 387, 388, 389, 390, 397, 398, 399, 402, 409, 411, 418, 419, 426, 432, 434, 435, 436, 437, 438, 441, 442, 444, 445, 447, 448, 453, 457, 458, 460, 466, 467, 468, 469, 476, 477, 478, 480, 486, 487, 493, 494, 495, 496, 497, 498, 506, 507, 509, 515, 516, 517, 518], "excluded_lines": []}}}, "api\\health.py": {"executed_lines": [1, 2, 3, 4, 5, 6, 8, 11, 12, 26, 27, 79, 80, 115, 116, 130, 131], "summary": {"covered_lines": 16, "num_statements": 41, "percent_covered": 39.02439024390244, "percent_covered_display": "39", "missing_lines": 25, "excluded_lines": 0}, "missing_lines": [19, 39, 41, 42, 43, 46, 47, 48, 49, 50, 52, 72, 73, 89, 95, 96, 97, 100, 101, 102, 103, 105, 107, 124, 139], "excluded_lines": [], "functions": {"health_check": {"executed_lines": [], "summary": {"covered_lines": 0, "num_statements": 1, "percent_covered": 0.0, "percent_covered_display": "0", "missing_lines": 1, "excluded_lines": 0}, "missing_lines": [19], "excluded_lines": []}, "detailed_health": {"executed_lines": [], "summary": {"covered_lines": 0, "num_statements": 12, "percent_covered": 0.0, "percent_covered_display": "0", "missing_lines": 12, "excluded_lines": 0}, "missing_lines": [39, 41, 42, 43, 46, 47, 48, 49, 50, 52, 72, 73], "excluded_lines": []}, "readiness_check": {"executed_lines": [], "summary": {"covered_lines": 0, "num_statements": 10, "percent_covered": 0.0, "percent_covered_display": "0", "missing_lines": 10, "excluded_lines": 0}, "missing_lines": [89, 95, 96, 97, 100, 101, 102, 103, 105, 107], "excluded_lines": []}, "liveness_check": {"executed_lines": [], "summary": {"covered_lines": 0, "num_statements": 1, "percent_covered": 0.0, "percent_covered_display": "0", "missing_lines": 1, "excluded_lines": 0}, "missing_lines": [124], "excluded_lines": []}, "startup_check": {"executed_lines": [], "summary": {"covered_lines": 0, "num_statements": 1, "percent_covered": 0.0, "percent_covered_display": "0", "missing_lines": 1, "excluded_lines": 0}, "missing_lines": [139], "excluded_lines": []}, "": {"executed_lines": [1, 2, 3, 4, 5, 6, 8, 11, 12, 26, 27, 79, 80, 115, 116, 130, 131], "summary": {"covered_lines": 16, "num_statements": 16, "percent_covered": 100.0, "percent_covered_display": "100", "missing_lines": 0, "excluded_lines": 0}, "missing_lines": [], "excluded_lines": []}}, "classes": {"": {"executed_lines": [1, 2, 3, 4, 5, 6, 8, 11, 12, 26, 27, 79, 80, 115, 116, 130, 131], "summary": {"covered_lines": 16, "num_statements": 41, "percent_covered": 39.02439024390244, "percent_covered_display": "39", "missing_lines": 25, "excluded_lines": 0}, "missing_lines": [19, 39, 41, 42, 43, 46, 47, 48, 49, 50, 52, 72, 73, 89, 95, 96, 97, 100, 101, 102, 103, 105, 107, 124, 139], "excluded_lines": []}}}, "api\\knowledge.py": {"executed_lines": [1, 8, 9, 10, 11, 12, 13, 14, 15, 16, 17, 20, 21, 22, 23, 24, 25, 27, 30, 31, 32, 33, 36, 39, 40, 53, 54, 56, 59, 70, 71, 72, 74, 75, 76, 77, 89, 90, 92, 93, 94, 95, 106, 109, 150, 151, 152, 192, 193, 232, 233, 234, 277, 278, 332, 333, 334, 366, 367, 368, 397, 398, 431, 433, 434, 435, 442, 450, 452, 453, 457, 460, 463, 471, 486, 487, 488, 545, 546, 547, 579, 581, 583, 587, 595, 597, 600, 601, 603, 604, 605, 606, 608, 625, 627, 639, 640, 659, 660], "summary": {"covered_lines": 98, "num_statements": 275, "percent_covered": 35.63636363636363, "percent_covered_display": "36", "missing_lines": 177, "excluded_lines": 0}, "missing_lines": [42, 43, 44, 45, 46, 85, 86, 103, 104, 111, 112, 113, 116, 117, 120, 123, 126, 127, 128, 129, 131, 132, 133, 134, 135, 136, 138, 146, 147, 157, 158, 161, 168, 171, 172, 173, 183, 188, 189, 195, 196, 197, 200, 201, 204, 205, 206, 212, 213, 214, 215, 217, 228, 229, 250, 251, 252, 255, 256, 259, 260, 263, 266, 267, 270, 272, 273, 274, 280, 282, 283, 286, 289, 295, 296, 297, 299, 300, 301, 302, 304, 306, 307, 309, 310, 313, 316, 318, 326, 327, 328, 329, 339, 340, 341, 344, 345, 348, 349, 350, 356, 362, 363, 370, 371, 372, 374, 376, 377, 380, 381, 386, 391, 392, 393, 394, 436, 443, 454, 455, 458, 478, 479, 480, 481, 482, 483, 490, 492, 494, 495, 502, 504, 505, 506, 507, 510, 511, 512, 515, 516, 517, 518, 520, 523, 524, 526, 534, 535, 537, 541, 542, 584, 588, 589, 590, 598, 610, 611, 616, 621, 622, 632, 633, 634, 635, 642, 644, 645, 648, 650, 655, 656, 662, 663, 669, 670], "excluded_lines": [], "functions": {"load_creator_database": {"executed_lines": [], "summary": {"covered_lines": 0, "num_statements": 5, "percent_covered": 0.0, "percent_covered_display": "0", "missing_lines": 5, "excluded_lines": 0}, "missing_lines": [42, 43, 44, 45, 46], "excluded_lines": []}, "scan_kb_files": {"executed_lines": [56, 59, 70, 71, 72, 74, 75, 76, 77, 89, 90, 92, 93, 94, 95, 106], "summary": {"covered_lines": 16, "num_statements": 20, "percent_covered": 80.0, "percent_covered_display": "80", "missing_lines": 4, "excluded_lines": 0}, "missing_lines": [85, 86, 103, 104], "excluded_lines": []}, "parse_markdown_insights": {"executed_lines": [], "summary": {"covered_lines": 0, "num_statements": 20, "percent_covered": 0.0, "percent_covered_display": "0", "missing_lines": 20, "excluded_lines": 0}, "missing_lines": [111, 112, 113, 116, 117, 120, 123, 126, 127, 128, 129, 131, 132, 133, 134, 135, 136, 138, 146, 147], "excluded_lines": []}, "get_recent_kb_files": {"executed_lines": [], "summary": {"covered_lines": 0, "num_statements": 10, "percent_covered": 0.0, "percent_covered_display": "0", "missing_lines": 10, "excluded_lines": 0}, "missing_lines": [157, 158, 161, 168, 171, 172, 173, 183, 188, 189], "excluded_lines": []}, "get_kb_stats": {"executed_lines": [], "summary": {"covered_lines": 0, "num_statements": 15, "percent_covered": 0.0, "percent_covered_display": "0", "missing_lines": 15, "excluded_lines": 0}, "missing_lines": [195, 196, 197, 200, 201, 204, 205, 206, 212, 213, 214, 215, 217, 228, 229], "excluded_lines": []}, "get_kb_files": {"executed_lines": [], "summary": {"covered_lines": 0, "num_statements": 14, "percent_covered": 0.0, "percent_covered_display": "0", "missing_lines": 14, "excluded_lines": 0}, "missing_lines": [250, 251, 252, 255, 256, 259, 260, 263, 266, 267, 270, 272, 273, 274], "excluded_lines": []}, "get_kb_file_details": {"executed_lines": [], "summary": {"covered_lines": 0, "num_statements": 24, "percent_covered": 0.0, "percent_covered_display": "0", "missing_lines": 24, "excluded_lines": 0}, "missing_lines": [280, 282, 283, 286, 289, 295, 296, 297, 299, 300, 301, 302, 304, 306, 307, 309, 310, 313, 316, 318, 326, 327, 328, 329], "excluded_lines": []}, "get_creators": {"executed_lines": [], "summary": {"covered_lines": 0, "num_statements": 11, "percent_covered": 0.0, "percent_covered_display": "0", "missing_lines": 11, "excluded_lines": 0}, "missing_lines": [339, 340, 341, 344, 345, 348, 349, 350, 356, 362, 363], "excluded_lines": []}, "get_creator_details": {"executed_lines": [], "summary": {"covered_lines": 0, "num_statements": 13, "percent_covered": 0.0, "percent_covered_display": "0", "missing_lines": 13, "excluded_lines": 0}, "missing_lines": [370, 371, 372, 374, 376, 377, 380, 381, 386, 391, 392, 393, 394], "excluded_lines": []}, "trigger_manual_scan": {"executed_lines": [431, 433, 434, 435, 442, 450, 452, 453, 457, 460, 463, 471], "summary": {"covered_lines": 12, "num_statements": 23, "percent_covered": 52.17391304347826, "percent_covered_display": "52", "missing_lines": 11, "excluded_lines": 0}, "missing_lines": [436, 443, 454, 455, 458, 478, 479, 480, 481, 482, 483], "excluded_lines": []}, "get_scan_jobs": {"executed_lines": [], "summary": {"covered_lines": 0, "num_statements": 25, "percent_covered": 0.0, "percent_covered_display": "0", "missing_lines": 25, "excluded_lines": 0}, "missing_lines": [490, 492, 494, 495, 502, 504, 505, 506, 507, 510, 511, 512, 515, 516, 517, 518, 520, 523, 524, 526, 534, 535, 537, 541, 542], "excluded_lines": []}, "search_knowledge": {"executed_lines": [579, 581, 583, 587, 595, 597, 600, 601, 603, 604, 605, 606, 608, 625, 627], "summary": {"covered_lines": 15, "num_statements": 29, "percent_covered": 51.724137931034484, "percent_covered_display": "52", "missing_lines": 14, "excluded_lines": 0}, "missing_lines": [584, 588, 589, 590, 598, 610, 611, 616, 621, 622, 632, 633, 634, 635], "excluded_lines": []}, "invalidate_kb_cache": {"executed_lines": [], "summary": {"covered_lines": 0, "num_statements": 7, "percent_covered": 0.0, "percent_covered_display": "0", "missing_lines": 7, "excluded_lines": 0}, "missing_lines": [642, 644, 645, 648, 650, 655, 656], "excluded_lines": []}, "get_kb_cache_stats": {"executed_lines": [], "summary": {"covered_lines": 0, "num_statements": 4, "percent_covered": 0.0, "percent_covered_display": "0", "missing_lines": 4, "excluded_lines": 0}, "missing_lines": [662, 663, 669, 670], "excluded_lines": []}, "": {"executed_lines": [1, 8, 9, 10, 11, 12, 13, 14, 15, 16, 17, 20, 21, 22, 23, 24, 25, 27, 30, 31, 32, 33, 36, 39, 40, 53, 54, 109, 150, 151, 152, 192, 193, 232, 233, 234, 277, 278, 332, 333, 334, 366, 367, 368, 397, 398, 486, 487, 488, 545, 546, 547, 639, 640, 659, 660], "summary": {"covered_lines": 55, "num_statements": 55, "percent_covered": 100.0, "percent_covered_display": "100", "missing_lines": 0, "excluded_lines": 0}, "missing_lines": [], "excluded_lines": []}}, "classes": {"": {"executed_lines": [1, 8, 9, 10, 11, 12, 13, 14, 15, 16, 17, 20, 21, 22, 23, 24, 25, 27, 30, 31, 32, 33, 36, 39, 40, 53, 54, 56, 59, 70, 71, 72, 74, 75, 76, 77, 89, 90, 92, 93, 94, 95, 106, 109, 150, 151, 152, 192, 193, 232, 233, 234, 277, 278, 332, 333, 334, 366, 367, 368, 397, 398, 431, 433, 434, 435, 442, 450, 452, 453, 457, 460, 463, 471, 486, 487, 488, 545, 546, 547, 579, 581, 583, 587, 595, 597, 600, 601, 603, 604, 605, 606, 608, 625, 627, 639, 640, 659, 660], "summary": {"covered_lines": 98, "num_statements": 275, "percent_covered": 35.63636363636363, "percent_covered_display": "36", "missing_lines": 177, "excluded_lines": 0}, "missing_lines": [42, 43, 44, 45, 46, 85, 86, 103, 104, 111, 112, 113, 116, 117, 120, 123, 126, 127, 128, 129, 131, 132, 133, 134, 135, 136, 138, 146, 147, 157, 158, 161, 168, 171, 172, 173, 183, 188, 189, 195, 196, 197, 200, 201, 204, 205, 206, 212, 213, 214, 215, 217, 228, 229, 250, 251, 252, 255, 256, 259, 260, 263, 266, 267, 270, 272, 273, 274, 280, 282, 283, 286, 289, 295, 296, 297, 299, 300, 301, 302, 304, 306, 307, 309, 310, 313, 316, 318, 326, 327, 328, 329, 339, 340, 341, 344, 345, 348, 349, 350, 356, 362, 363, 370, 371, 372, 374, 376, 377, 380, 381, 386, 391, 392, 393, 394, 436, 443, 454, 455, 458, 478, 479, 480, 481, 482, 483, 490, 492, 494, 495, 502, 504, 505, 506, 507, 510, 511, 512, 515, 516, 517, 518, 520, 523, 524, 526, 534, 535, 537, 541, 542, 584, 588, 589, 590, 598, 610, 611, 616, 621, 622, 632, 633, 634, 635, 642, 644, 645, 648, 650, 655, 656, 662, 663, 669, 670], "excluded_lines": []}}}, "api\\performance.py": {"executed_lines": [], "summary": {"covered_lines": 0, "num_statements": 107, "percent_covered": 0.0, "percent_covered_display": "0", "missing_lines": 107, "excluded_lines": 0}, "missing_lines": [6, 7, 8, 9, 10, 11, 18, 20, 23, 24, 25, 36, 37, 39, 44, 45, 48, 49, 50, 59, 60, 62, 67, 68, 71, 72, 73, 79, 80, 82, 87, 88, 91, 92, 93, 104, 105, 107, 112, 113, 116, 117, 118, 124, 125, 127, 133, 134, 137, 138, 139, 145, 146, 149, 150, 151, 154, 155, 156, 159, 160, 161, 163, 164, 165, 166, 169, 170, 171, 172, 173, 174, 175, 176, 177, 179, 194, 195, 198, 200, 202, 203, 204, 205, 208, 209, 214, 215, 222, 223, 224, 225, 230, 231, 238, 239, 240, 242, 243, 244, 245, 252, 253, 254, 260, 261, 267], "excluded_lines": [], "functions": {"get_metrics": {"executed_lines": [], "summary": {"covered_lines": 0, "num_statements": 5, "percent_covered": 0.0, "percent_covered_display": "0", "missing_lines": 5, "excluded_lines": 0}, "missing_lines": [36, 37, 39, 44, 45], "excluded_lines": []}, "get_slow_query_log": {"executed_lines": [], "summary": {"covered_lines": 0, "num_statements": 5, "percent_covered": 0.0, "percent_covered_display": "0", "missing_lines": 5, "excluded_lines": 0}, "missing_lines": [59, 60, 62, 67, 68], "excluded_lines": []}, "reset_metrics": {"executed_lines": [], "summary": {"covered_lines": 0, "num_statements": 5, "percent_covered": 0.0, "percent_covered_display": "0", "missing_lines": 5, "excluded_lines": 0}, "missing_lines": [79, 80, 82, 87, 88], "excluded_lines": []}, "update_slow_query_threshold": {"executed_lines": [], "summary": {"covered_lines": 0, "num_statements": 5, "percent_covered": 0.0, "percent_covered_display": "0", "missing_lines": 5, "excluded_lines": 0}, "missing_lines": [104, 105, 107, 112, 113], "excluded_lines": []}, "export_performance_metrics": {"executed_lines": [], "summary": {"covered_lines": 0, "num_statements": 5, "percent_covered": 0.0, "percent_covered_display": "0", "missing_lines": 5, "excluded_lines": 0}, "missing_lines": [124, 125, 127, 133, 134], "excluded_lines": []}, "get_performance_summary": {"executed_lines": [], "summary": {"covered_lines": 0, "num_statements": 27, "percent_covered": 0.0, "percent_covered_display": "0", "missing_lines": 27, "excluded_lines": 0}, "missing_lines": [145, 146, 149, 150, 151, 154, 155, 156, 159, 160, 161, 163, 164, 165, 166, 169, 170, 171, 172, 173, 174, 175, 176, 177, 179, 194, 195], "excluded_lines": []}, "generate_recommendations": {"executed_lines": [], "summary": {"covered_lines": 0, "num_statements": 28, "percent_covered": 0.0, "percent_covered_display": "0", "missing_lines": 28, "excluded_lines": 0}, "missing_lines": [200, 202, 203, 204, 205, 208, 209, 214, 215, 222, 223, 224, 225, 230, 231, 238, 239, 240, 242, 243, 244, 245, 252, 253, 254, 260, 261, 267], "excluded_lines": []}, "": {"executed_lines": [], "summary": {"covered_lines": 0, "num_statements": 27, "percent_covered": 0.0, "percent_covered_display": "0", "missing_lines": 27, "excluded_lines": 0}, "missing_lines": [6, 7, 8, 9, 10, 11, 18, 20, 23, 24, 25, 48, 49, 50, 71, 72, 73, 91, 92, 93, 116, 117, 118, 137, 138, 139, 198], "excluded_lines": []}}, "classes": {"": {"executed_lines": [], "summary": {"covered_lines": 0, "num_statements": 107, "percent_covered": 0.0, "percent_covered_display": "0", "missing_lines": 107, "excluded_lines": 0}, "missing_lines": [6, 7, 8, 9, 10, 11, 18, 20, 23, 24, 25, 36, 37, 39, 44, 45, 48, 49, 50, 59, 60, 62, 67, 68, 71, 72, 73, 79, 80, 82, 87, 88, 91, 92, 93, 104, 105, 107, 112, 113, 116, 117, 118, 124, 125, 127, 133, 134, 137, 138, 139, 145, 146, 149, 150, 151, 154, 155, 156, 159, 160, 161, 163, 164, 165, 166, 169, 170, 171, 172, 173, 174, 175, 176, 177, 179, 194, 195, 198, 200, 202, 203, 204, 205, 208, 209, 214, 215, 222, 223, 224, 225, 230, 231, 238, 239, 240, 242, 243, 244, 245, 252, 253, 254, 260, 261, 267], "excluded_lines": []}}}, "api\\projects.py": {"executed_lines": [1, 6, 7, 8, 9, 10, 11, 12, 13, 14, 15, 16, 18, 21, 28, 57, 59, 60, 63, 134, 199, 200, 201, 202, 237, 238, 239, 241, 243, 244, 245, 249, 250, 293, 294, 299, 300, 306, 308, 309, 310, 311, 312, 314, 315, 318, 320, 321, 359, 360, 365, 366, 367, 372, 374, 375, 376, 377, 378, 380, 383, 384, 425, 426, 427, 489, 490], "summary": {"covered_lines": 66, "num_statements": 269, "percent_covered": 24.53531598513011, "percent_covered_display": "25", "missing_lines": 203, "excluded_lines": 0}, "missing_lines": [30, 31, 39, 45, 46, 50, 51, 65, 66, 68, 71, 72, 73, 76, 77, 78, 79, 81, 82, 85, 93, 94, 95, 96, 97, 107, 108, 109, 110, 111, 112, 113, 114, 115, 116, 117, 120, 121, 125, 126, 127, 128, 129, 131, 136, 137, 139, 146, 147, 150, 151, 152, 153, 154, 157, 158, 159, 160, 161, 162, 163, 168, 169, 172, 173, 174, 175, 176, 177, 178, 179, 180, 183, 184, 185, 188, 189, 190, 191, 192, 193, 194, 196, 215, 216, 218, 219, 220, 221, 224, 225, 228, 229, 231, 233, 234, 246, 247, 252, 254, 255, 262, 264, 265, 266, 267, 268, 269, 270, 273, 274, 275, 276, 277, 278, 279, 280, 281, 283, 289, 291, 295, 296, 324, 325, 327, 328, 329, 331, 339, 340, 342, 343, 344, 347, 348, 350, 361, 362, 381, 391, 396, 398, 399, 400, 401, 402, 403, 412, 419, 420, 421, 422, 429, 431, 432, 433, 434, 435, 437, 438, 440, 441, 448, 450, 451, 453, 454, 455, 456, 457, 459, 460, 461, 462, 464, 470, 472, 473, 475, 483, 484, 485, 486, 492, 494, 495, 496, 497, 498, 500, 501, 503, 504, 510, 512, 514, 516, 523, 530, 531, 532, 533], "excluded_lines": [], "functions": {"run_git_command": {"executed_lines": [], "summary": {"covered_lines": 0, "num_statements": 7, "percent_covered": 0.0, "percent_covered_display": "0", "missing_lines": 7, "excluded_lines": 0}, "missing_lines": [30, 31, 39, 45, 46, 50, 51], "excluded_lines": []}, "is_git_repo": {"executed_lines": [59, 60], "summary": {"covered_lines": 2, "num_statements": 2, "percent_covered": 100.0, "percent_covered_display": "100", "missing_lines": 0, "excluded_lines": 0}, "missing_lines": [], "excluded_lines": []}, "get_git_status": {"executed_lines": [], "summary": {"covered_lines": 0, "num_statements": 37, "percent_covered": 0.0, "percent_covered_display": "0", "missing_lines": 37, "excluded_lines": 0}, "missing_lines": [65, 66, 68, 71, 72, 73, 76, 77, 78, 79, 81, 82, 85, 93, 94, 95, 96, 97, 107, 108, 109, 110, 111, 112, 113, 114, 115, 116, 117, 120, 121, 125, 126, 127, 128, 129, 131], "excluded_lines": []}, "scan_project": {"executed_lines": [], "summary": {"covered_lines": 0, "num_statements": 39, "percent_covered": 0.0, "percent_covered_display": "0", "missing_lines": 39, "excluded_lines": 0}, "missing_lines": [136, 137, 139, 146, 147, 150, 151, 152, 153, 154, 157, 158, 159, 160, 161, 162, 163, 168, 169, 172, 173, 174, 175, 176, 177, 178, 179, 180, 183, 184, 185, 188, 189, 190, 191, 192, 193, 194, 196], "excluded_lines": []}, "list_projects": {"executed_lines": [], "summary": {"covered_lines": 0, "num_statements": 13, "percent_covered": 0.0, "percent_covered_display": "0", "missing_lines": 13, "excluded_lines": 0}, "missing_lines": [215, 216, 218, 219, 220, 221, 224, 225, 228, 229, 231, 233, 234], "excluded_lines": []}, "get_project_status": {"executed_lines": [241, 243, 244, 245, 249, 250, 293, 294], "summary": {"covered_lines": 8, "num_statements": 35, "percent_covered": 22.857142857142858, "percent_covered_display": "23", "missing_lines": 27, "excluded_lines": 0}, "missing_lines": [246, 247, 252, 254, 255, 262, 264, 265, 266, 267, 268, 269, 270, 273, 274, 275, 276, 277, 278, 279, 280, 281, 283, 289, 291, 295, 296], "excluded_lines": []}, "browse_project_files": {"executed_lines": [306, 308, 309, 310, 311, 312, 314, 315, 318, 320, 321, 359, 360], "summary": {"covered_lines": 13, "num_statements": 29, "percent_covered": 44.827586206896555, "percent_covered_display": "45", "missing_lines": 16, "excluded_lines": 0}, "missing_lines": [324, 325, 327, 328, 329, 331, 339, 340, 342, 343, 344, 347, 348, 350, 361, 362], "excluded_lines": []}, "get_project_commits": {"executed_lines": [372, 374, 375, 376, 377, 378, 380, 383, 384], "summary": {"covered_lines": 9, "num_statements": 23, "percent_covered": 39.130434782608695, "percent_covered_display": "39", "missing_lines": 14, "excluded_lines": 0}, "missing_lines": [381, 391, 396, 398, 399, 400, 401, 402, 403, 412, 419, 420, 421, 422], "excluded_lines": []}, "get_project_branches": {"executed_lines": [], "summary": {"covered_lines": 0, "num_statements": 31, "percent_covered": 0.0, "percent_covered_display": "0", "missing_lines": 31, "excluded_lines": 0}, "missing_lines": [429, 431, 432, 433, 434, 435, 437, 438, 440, 441, 448, 450, 451, 453, 454, 455, 456, 457, 459, 460, 461, 462, 464, 470, 472, 473, 475, 483, 484, 485, 486], "excluded_lines": []}, "refresh_project_status": {"executed_lines": [], "summary": {"covered_lines": 0, "num_statements": 19, "percent_covered": 0.0, "percent_covered_display": "0", "missing_lines": 19, "excluded_lines": 0}, "missing_lines": [492, 494, 495, 496, 497, 498, 500, 501, 503, 504, 510, 512, 514, 516, 523, 530, 531, 532, 533], "excluded_lines": []}, "": {"executed_lines": [1, 6, 7, 8, 9, 10, 11, 12, 13, 14, 15, 16, 18, 21, 28, 57, 63, 134, 199, 200, 201, 202, 237, 238, 239, 299, 300, 365, 366, 367, 425, 426, 427, 489, 490], "summary": {"covered_lines": 34, "num_statements": 34, "percent_covered": 100.0, "percent_covered_display": "100", "missing_lines": 0, "excluded_lines": 0}, "missing_lines": [], "excluded_lines": []}}, "classes": {"": {"executed_lines": [1, 6, 7, 8, 9, 10, 11, 12, 13, 14, 15, 16, 18, 21, 28, 57, 59, 60, 63, 134, 199, 200, 201, 202, 237, 238, 239, 241, 243, 244, 245, 249, 250, 293, 294, 299, 300, 306, 308, 309, 310, 311, 312, 314, 315, 318, 320, 321, 359, 360, 365, 366, 367, 372, 374, 375, 376, 377, 378, 380, 383, 384, 425, 426, 427, 489, 490], "summary": {"covered_lines": 66, "num_statements": 269, "percent_covered": 24.53531598513011, "percent_covered_display": "25", "missing_lines": 203, "excluded_lines": 0}, "missing_lines": [30, 31, 39, 45, 46, 50, 51, 65, 66, 68, 71, 72, 73, 76, 77, 78, 79, 81, 82, 85, 93, 94, 95, 96, 97, 107, 108, 109, 110, 111, 112, 113, 114, 115, 116, 117, 120, 121, 125, 126, 127, 128, 129, 131, 136, 137, 139, 146, 147, 150, 151, 152, 153, 154, 157, 158, 159, 160, 161, 162, 163, 168, 169, 172, 173, 174, 175, 176, 177, 178, 179, 180, 183, 184, 185, 188, 189, 190, 191, 192, 193, 194, 196, 215, 216, 218, 219, 220, 221, 224, 225, 228, 229, 231, 233, 234, 246, 247, 252, 254, 255, 262, 264, 265, 266, 267, 268, 269, 270, 273, 274, 275, 276, 277, 278, 279, 280, 281, 283, 289, 291, 295, 296, 324, 325, 327, 328, 329, 331, 339, 340, 342, 343, 344, 347, 348, 350, 361, 362, 381, 391, 396, 398, 399, 400, 401, 402, 403, 412, 419, 420, 421, 422, 429, 431, 432, 433, 434, 435, 437, 438, 440, 441, 448, 450, 451, 453, 454, 455, 456, 457, 459, 460, 461, 462, 464, 470, 472, 473, 475, 483, 484, 485, 486, 492, 494, 495, 496, 497, 498, 500, 501, 503, 504, 510, 512, 514, 516, 523, 530, 531, 532, 533], "excluded_lines": []}}}, "api\\services.py": {"executed_lines": [1, 2, 3, 4, 5, 6, 7, 8, 9, 10, 11, 12, 13, 14, 17, 20, 21, 22, 23, 56, 57, 58, 78, 80, 82, 89, 90, 91, 123, 125, 127, 134, 135, 136, 170, 171, 172, 203, 204, 205, 231, 233, 235, 236, 243, 244, 246, 247, 249, 254, 259, 269, 272, 273, 559, 560, 1971, 1981, 1983, 1990], "summary": {"covered_lines": 52, "num_statements": 115, "percent_covered": 45.21739130434783, "percent_covered_display": "45", "missing_lines": 63, "excluded_lines": 0}, "missing_lines": [37, 39, 42, 43, 46, 47, 48, 50, 52, 53, 83, 85, 86, 128, 130, 131, 156, 158, 160, 161, 166, 167, 192, 194, 196, 197, 199, 200, 238, 239, 251, 252, 256, 257, 261, 262, 263, 264, 265, 280, 281, 284, 286, 287, 288, 291, 292, 294, 295, 296, 299, 301, 302, 304, 306, 313, 314, 316, 317, 318, 319, 320, 322], "excluded_lines": [], "functions": {"get_services": {"executed_lines": [], "summary": {"covered_lines": 0, "num_statements": 10, "percent_covered": 0.0, "percent_covered_display": "0", "missing_lines": 10, "excluded_lines": 0}, "missing_lines": [37, 39, 42, 43, 46, 47, 48, 50, 52, 53], "excluded_lines": []}, "start_service": {"executed_lines": [78, 80, 82], "summary": {"covered_lines": 3, "num_statements": 6, "percent_covered": 50.0, "percent_covered_display": "50", "missing_lines": 3, "excluded_lines": 0}, "missing_lines": [83, 85, 86], "excluded_lines": []}, "stop_service": {"executed_lines": [123, 125, 127], "summary": {"covered_lines": 3, "num_statements": 6, "percent_covered": 50.0, "percent_covered_display": "50", "missing_lines": 3, "excluded_lines": 0}, "missing_lines": [128, 130, 131], "excluded_lines": []}, "get_service_status": {"executed_lines": [], "summary": {"covered_lines": 0, "num_statements": 6, "percent_covered": 0.0, "percent_covered_display": "0", "missing_lines": 6, "excluded_lines": 0}, "missing_lines": [156, 158, 160, 161, 166, 167], "excluded_lines": []}, "restart_service": {"executed_lines": [], "summary": {"covered_lines": 0, "num_statements": 6, "percent_covered": 0.0, "percent_covered_display": "0", "missing_lines": 6, "excluded_lines": 0}, "missing_lines": [192, 194, 196, 197, 199, 200], "excluded_lines": []}, "get_service_logs": {"executed_lines": [231, 233, 235, 236], "summary": {"covered_lines": 4, "num_statements": 6, "percent_covered": 66.66666666666667, "percent_covered_display": "67", "missing_lines": 2, "excluded_lines": 0}, "missing_lines": [238, 239], "excluded_lines": []}, "ServiceConnectionManager.__init__": {"executed_lines": [247], "summary": {"covered_lines": 1, "num_statements": 1, "percent_covered": 100.0, "percent_covered_display": "100", "missing_lines": 0, "excluded_lines": 0}, "missing_lines": [], "excluded_lines": []}, "ServiceConnectionManager.connect": {"executed_lines": [], "summary": {"covered_lines": 0, "num_statements": 2, "percent_covered": 0.0, "percent_covered_display": "0", "missing_lines": 2, "excluded_lines": 0}, "missing_lines": [251, 252], "excluded_lines": []}, "ServiceConnectionManager.disconnect": {"executed_lines": [], "summary": {"covered_lines": 0, "num_statements": 2, "percent_covered": 0.0, "percent_covered_display": "0", "missing_lines": 2, "excluded_lines": 0}, "missing_lines": [256, 257], "excluded_lines": []}, "ServiceConnectionManager.broadcast": {"executed_lines": [], "summary": {"covered_lines": 0, "num_statements": 5, "percent_covered": 0.0, "percent_covered_display": "0", "missing_lines": 5, "excluded_lines": 0}, "missing_lines": [261, 262, 263, 264, 265], "excluded_lines": []}, "websocket_service_status": {"executed_lines": [], "summary": {"covered_lines": 0, "num_statements": 24, "percent_covered": 0.0, "percent_covered_display": "0", "missing_lines": 24, "excluded_lines": 0}, "missing_lines": [280, 281, 284, 286, 287, 288, 291, 292, 294, 295, 296, 299, 301, 302, 304, 306, 313, 314, 316, 317, 318, 319, 320, 322], "excluded_lines": []}, "": {"executed_lines": [1, 2, 3, 4, 5, 6, 7, 8, 9, 10, 11, 12, 13, 14, 17, 20, 21, 22, 23, 56, 57, 58, 89, 90, 91, 134, 135, 136, 170, 171, 172, 203, 204, 205, 243, 244, 246, 249, 254, 259, 269, 272, 273], "summary": {"covered_lines": 41, "num_statements": 41, "percent_covered": 100.0, "percent_covered_display": "100", "missing_lines": 0, "excluded_lines": 0}, "missing_lines": [], "excluded_lines": []}}, "classes": {"ServiceConnectionManager": {"executed_lines": [247], "summary": {"covered_lines": 1, "num_statements": 10, "percent_covered": 10.0, "percent_covered_display": "10", "missing_lines": 9, "excluded_lines": 0}, "missing_lines": [251, 252, 256, 257, 261, 262, 263, 264, 265], "excluded_lines": []}, "": {"executed_lines": [1, 2, 3, 4, 5, 6, 7, 8, 9, 10, 11, 12, 13, 14, 17, 20, 21, 22, 23, 56, 57, 58, 78, 80, 82, 89, 90, 91, 123, 125, 127, 134, 135, 136, 170, 171, 172, 203, 204, 205, 231, 233, 235, 236, 243, 244, 246, 249, 254, 259, 269, 272, 273], "summary": {"covered_lines": 51, "num_statements": 105, "percent_covered": 48.57142857142857, "percent_covered_display": "49", "missing_lines": 54, "excluded_lines": 0}, "missing_lines": [37, 39, 42, 43, 46, 47, 48, 50, 52, 53, 83, 85, 86, 128, 130, 131, 156, 158, 160, 161, 166, 167, 192, 194, 196, 197, 199, 200, 238, 239, 280, 281, 284, 286, 287, 288, 291, 292, 294, 295, 296, 299, 301, 302, 304, 306, 313, 314, 316, 317, 318, 319, 320, 322], "excluded_lines": []}}}, "api\\system.py": {"executed_lines": [1, 2, 3, 4, 5, 6, 7, 8, 9, 10, 13, 16, 17, 18, 67, 68, 69, 100, 101, 102, 117, 118, 119, 153, 154, 156, 157, 159, 165, 171, 187, 190, 191, 243, 244, 246, 247, 249, 254, 259, 270, 273, 274], "summary": {"covered_lines": 40, "num_statements": 145, "percent_covered": 27.586206896551722, "percent_covered_display": "28", "missing_lines": 105, "excluded_lines": 0}, "missing_lines": [20, 22, 23, 24, 27, 30, 32, 63, 64, 71, 72, 74, 75, 76, 77, 84, 85, 88, 90, 96, 97, 104, 105, 107, 113, 114, 121, 122, 123, 124, 125, 128, 129, 131, 148, 149, 161, 162, 163, 167, 168, 169, 173, 174, 175, 176, 177, 178, 179, 182, 183, 206, 208, 209, 210, 212, 213, 214, 216, 223, 224, 225, 227, 232, 234, 235, 236, 237, 238, 239, 251, 252, 256, 257, 261, 262, 263, 264, 266, 281, 282, 285, 287, 288, 289, 292, 293, 295, 296, 297, 300, 302, 303, 305, 306, 307, 309, 332, 333, 335, 336, 337, 338, 339, 341], "excluded_lines": [], "functions": {"get_system_stats": {"executed_lines": [], "summary": {"covered_lines": 0, "num_statements": 9, "percent_covered": 0.0, "percent_covered_display": "0", "missing_lines": 9, "excluded_lines": 0}, "missing_lines": [20, 22, 23, 24, 27, 30, 32, 63, 64], "excluded_lines": []}, "get_processes": {"executed_lines": [], "summary": {"covered_lines": 0, "num_statements": 12, "percent_covered": 0.0, "percent_covered_display": "0", "missing_lines": 12, "excluded_lines": 0}, "missing_lines": [71, 72, 74, 75, 76, 77, 84, 85, 88, 90, 96, 97], "excluded_lines": []}, "get_ports": {"executed_lines": [], "summary": {"covered_lines": 0, "num_statements": 5, "percent_covered": 0.0, "percent_covered_display": "0", "missing_lines": 5, "excluded_lines": 0}, "missing_lines": [104, 105, 107, 113, 114], "excluded_lines": []}, "get_system_info": {"executed_lines": [], "summary": {"covered_lines": 0, "num_statements": 10, "percent_covered": 0.0, "percent_covered_display": "0", "missing_lines": 10, "excluded_lines": 0}, "missing_lines": [121, 122, 123, 124, 125, 128, 129, 131, 148, 149], "excluded_lines": []}, "PublicMetricsConnectionManager.__init__": {"executed_lines": [157], "summary": {"covered_lines": 1, "num_statements": 1, "percent_covered": 100.0, "percent_covered_display": "100", "missing_lines": 0, "excluded_lines": 0}, "missing_lines": [], "excluded_lines": []}, "PublicMetricsConnectionManager.connect": {"executed_lines": [], "summary": {"covered_lines": 0, "num_statements": 3, "percent_covered": 0.0, "percent_covered_display": "0", "missing_lines": 3, "excluded_lines": 0}, "missing_lines": [161, 162, 163], "excluded_lines": []}, "PublicMetricsConnectionManager.disconnect": {"executed_lines": [], "summary": {"covered_lines": 0, "num_statements": 3, "percent_covered": 0.0, "percent_covered_display": "0", "missing_lines": 3, "excluded_lines": 0}, "missing_lines": [167, 168, 169], "excluded_lines": []}, "PublicMetricsConnectionManager.broadcast": {"executed_lines": [], "summary": {"covered_lines": 0, "num_statements": 9, "percent_covered": 0.0, "percent_covered_display": "0", "missing_lines": 9, "excluded_lines": 0}, "missing_lines": [173, 174, 175, 176, 177, 178, 179, 182, 183], "excluded_lines": []}, "websocket_public_metrics": {"executed_lines": [], "summary": {"covered_lines": 0, "num_statements": 19, "percent_covered": 0.0, "percent_covered_display": "0", "missing_lines": 19, "excluded_lines": 0}, "missing_lines": [206, 208, 209, 210, 212, 213, 214, 216, 223, 224, 225, 227, 232, 234, 235, 236, 237, 238, 239], "excluded_lines": []}, "ConnectionManager.__init__": {"executed_lines": [247], "summary": {"covered_lines": 1, "num_statements": 1, "percent_covered": 100.0, "percent_covered_display": "100", "missing_lines": 0, "excluded_lines": 0}, "missing_lines": [], "excluded_lines": []}, "ConnectionManager.connect": {"executed_lines": [], "summary": {"covered_lines": 0, "num_statements": 2, "percent_covered": 0.0, "percent_covered_display": "0", "missing_lines": 2, "excluded_lines": 0}, "missing_lines": [251, 252], "excluded_lines": []}, "ConnectionManager.disconnect": {"executed_lines": [], "summary": {"covered_lines": 0, "num_statements": 2, "percent_covered": 0.0, "percent_covered_display": "0", "missing_lines": 2, "excluded_lines": 0}, "missing_lines": [256, 257], "excluded_lines": []}, "ConnectionManager.broadcast": {"executed_lines": [], "summary": {"covered_lines": 0, "num_statements": 5, "percent_covered": 0.0, "percent_covered_display": "0", "missing_lines": 5, "excluded_lines": 0}, "missing_lines": [261, 262, 263, 264, 266], "excluded_lines": []}, "websocket_system_stats": {"executed_lines": [], "summary": {"covered_lines": 0, "num_statements": 26, "percent_covered": 0.0, "percent_covered_display": "0", "missing_lines": 26, "excluded_lines": 0}, "missing_lines": [281, 282, 285, 287, 288, 289, 292, 293, 295, 296, 297, 300, 302, 303, 305, 306, 307, 309, 332, 333, 335, 336, 337, 338, 339, 341], "excluded_lines": []}, "": {"executed_lines": [1, 2, 3, 4, 5, 6, 7, 8, 9, 10, 13, 16, 17, 18, 67, 68, 69, 100, 101, 102, 117, 118, 119, 153, 154, 156, 159, 165, 171, 187, 190, 191, 243, 244, 246, 249, 254, 259, 270, 273, 274], "summary": {"covered_lines": 38, "num_statements": 38, "percent_covered": 100.0, "percent_covered_display": "100", "missing_lines": 0, "excluded_lines": 0}, "missing_lines": [], "excluded_lines": []}}, "classes": {"PublicMetricsConnectionManager": {"executed_lines": [157], "summary": {"covered_lines": 1, "num_statements": 16, "percent_covered": 6.25, "percent_covered_display": "6", "missing_lines": 15, "excluded_lines": 0}, "missing_lines": [161, 162, 163, 167, 168, 169, 173, 174, 175, 176, 177, 178, 179, 182, 183], "excluded_lines": []}, "ConnectionManager": {"executed_lines": [247], "summary": {"covered_lines": 1, "num_statements": 10, "percent_covered": 10.0, "percent_covered_display": "10", "missing_lines": 9, "excluded_lines": 0}, "missing_lines": [251, 252, 256, 257, 261, 262, 263, 264, 266], "excluded_lines": []}, "": {"executed_lines": [1, 2, 3, 4, 5, 6, 7, 8, 9, 10, 13, 16, 17, 18, 67, 68, 69, 100, 101, 102, 117, 118, 119, 153, 154, 156, 159, 165, 171, 187, 190, 191, 243, 244, 246, 249, 254, 259, 270, 273, 274], "summary": {"covered_lines": 38, "num_statements": 119, "percent_covered": 31.932773109243698, "percent_covered_display": "32", "missing_lines": 81, "excluded_lines": 0}, "missing_lines": [20, 22, 23, 24, 27, 30, 32, 63, 64, 71, 72, 74, 75, 76, 77, 84, 85, 88, 90, 96, 97, 104, 105, 107, 113, 114, 121, 122, 123, 124, 125, 128, 129, 131, 148, 149, 206, 208, 209, 210, 212, 213, 214, 216, 223, 224, 225, 227, 232, 234, 235, 236, 237, 238, 239, 281, 282, 285, 287, 288, 289, 292, 293, 295, 296, 297, 300, 302, 303, 305, 306, 307, 309, 332, 333, 335, 336, 337, 338, 339, 341], "excluded_lines": []}}}, "api\\usage.py": {"executed_lines": [1, 6, 7, 8, 9, 10, 11, 12, 13, 14, 16, 19, 20, 21, 25, 60, 82, 92, 170, 171, 172, 215, 216, 217, 282, 283, 344, 345, 354, 355, 356, 392, 393, 394, 447], "summary": {"covered_lines": 34, "num_statements": 179, "percent_covered": 18.99441340782123, "percent_covered_display": "19", "missing_lines": 145, "excluded_lines": 0}, "missing_lines": [62, 63, 70, 71, 72, 73, 74, 84, 85, 86, 87, 88, 89, 94, 100, 101, 104, 106, 107, 108, 109, 112, 113, 114, 117, 118, 120, 121, 123, 124, 126, 127, 130, 131, 132, 135, 136, 137, 140, 141, 142, 144, 145, 148, 149, 155, 157, 158, 159, 165, 167, 174, 176, 179, 182, 188, 211, 212, 222, 223, 224, 227, 229, 235, 236, 242, 244, 245, 247, 248, 255, 256, 257, 259, 260, 265, 266, 269, 271, 278, 279, 292, 294, 297, 299, 300, 301, 306, 307, 308, 314, 325, 328, 329, 330, 333, 335, 340, 341, 347, 363, 364, 365, 367, 368, 370, 372, 377, 386, 387, 388, 389, 396, 398, 401, 404, 405, 406, 407, 410, 411, 416, 419, 420, 421, 427, 443, 444, 449, 452, 453, 457, 458, 463, 464, 468, 469, 474, 476, 477, 480, 481, 485, 486, 488], "excluded_lines": [], "functions": {"load_usage_db": {"executed_lines": [], "summary": {"covered_lines": 0, "num_statements": 7, "percent_covered": 0.0, "percent_covered_display": "0", "missing_lines": 7, "excluded_lines": 0}, "missing_lines": [62, 63, 70, 71, 72, 73, 74], "excluded_lines": []}, "save_usage_db": {"executed_lines": [], "summary": {"covered_lines": 0, "num_statements": 6, "percent_covered": 0.0, "percent_covered_display": "0", "missing_lines": 6, "excluded_lines": 0}, "missing_lines": [84, 85, 86, 87, 88, 89], "excluded_lines": []}, "parse_log_files_for_usage": {"executed_lines": [], "summary": {"covered_lines": 0, "num_statements": 38, "percent_covered": 0.0, "percent_covered_display": "0", "missing_lines": 38, "excluded_lines": 0}, "missing_lines": [94, 100, 101, 104, 106, 107, 108, 109, 112, 113, 114, 117, 118, 120, 121, 123, 124, 126, 127, 130, 131, 132, 135, 136, 137, 140, 141, 142, 144, 145, 148, 149, 155, 157, 158, 159, 165, 167], "excluded_lines": []}, "get_usage_stats": {"executed_lines": [], "summary": {"covered_lines": 0, "num_statements": 7, "percent_covered": 0.0, "percent_covered_display": "0", "missing_lines": 7, "excluded_lines": 0}, "missing_lines": [174, 176, 179, 182, 188, 211, 212], "excluded_lines": []}, "get_usage_history": {"executed_lines": [], "summary": {"covered_lines": 0, "num_statements": 23, "percent_covered": 0.0, "percent_covered_display": "0", "missing_lines": 23, "excluded_lines": 0}, "missing_lines": [222, 223, 224, 227, 229, 235, 236, 242, 244, 245, 247, 248, 255, 256, 257, 259, 260, 265, 266, 269, 271, 278, 279], "excluded_lines": []}, "track_api_call": {"executed_lines": [], "summary": {"covered_lines": 0, "num_statements": 18, "percent_covered": 0.0, "percent_covered_display": "0", "missing_lines": 18, "excluded_lines": 0}, "missing_lines": [292, 294, 297, 299, 300, 301, 306, 307, 308, 314, 325, 328, 329, 330, 333, 335, 340, 341], "excluded_lines": []}, "get_api_pricing": {"executed_lines": [], "summary": {"covered_lines": 0, "num_statements": 1, "percent_covered": 0.0, "percent_covered_display": "0", "missing_lines": 1, "excluded_lines": 0}, "missing_lines": [347], "excluded_lines": []}, "estimate_cost": {"executed_lines": [], "summary": {"covered_lines": 0, "num_statements": 12, "percent_covered": 0.0, "percent_covered_display": "0", "missing_lines": 12, "excluded_lines": 0}, "missing_lines": [363, 364, 365, 367, 368, 370, 372, 377, 386, 387, 388, 389], "excluded_lines": []}, "get_usage_summary": {"executed_lines": [], "summary": {"covered_lines": 0, "num_statements": 16, "percent_covered": 0.0, "percent_covered_display": "0", "missing_lines": 16, "excluded_lines": 0}, "missing_lines": [396, 398, 401, 404, 405, 406, 407, 410, 411, 416, 419, 420, 421, 427, 443, 444], "excluded_lines": []}, "get_cost_recommendations": {"executed_lines": [], "summary": {"covered_lines": 0, "num_statements": 17, "percent_covered": 0.0, "percent_covered_display": "0", "missing_lines": 17, "excluded_lines": 0}, "missing_lines": [449, 452, 453, 457, 458, 463, 464, 468, 469, 474, 476, 477, 480, 481, 485, 486, 488], "excluded_lines": []}, "": {"executed_lines": [1, 6, 7, 8, 9, 10, 11, 12, 13, 14, 16, 19, 20, 21, 25, 60, 82, 92, 170, 171, 172, 215, 216, 217, 282, 283, 344, 345, 354, 355, 356, 392, 393, 394, 447], "summary": {"covered_lines": 34, "num_statements": 34, "percent_covered": 100.0, "percent_covered_display": "100", "missing_lines": 0, "excluded_lines": 0}, "missing_lines": [], "excluded_lines": []}}, "classes": {"": {"executed_lines": [1, 6, 7, 8, 9, 10, 11, 12, 13, 14, 16, 19, 20, 21, 25, 60, 82, 92, 170, 171, 172, 215, 216, 217, 282, 283, 344, 345, 354, 355, 356, 392, 393, 394, 447], "summary": {"covered_lines": 34, "num_statements": 179, "percent_covered": 18.99441340782123, "percent_covered_display": "19", "missing_lines": 145, "excluded_lines": 0}, "missing_lines": [62, 63, 70, 71, 72, 73, 74, 84, 85, 86, 87, 88, 89, 94, 100, 101, 104, 106, 107, 108, 109, 112, 113, 114, 117, 118, 120, 121, 123, 124, 126, 127, 130, 131, 132, 135, 136, 137, 140, 141, 142, 144, 145, 148, 149, 155, 157, 158, 159, 165, 167, 174, 176, 179, 182, 188, 211, 212, 222, 223, 224, 227, 229, 235, 236, 242, 244, 245, 247, 248, 255, 256, 257, 259, 260, 265, 266, 269, 271, 278, 279, 292, 294, 297, 299, 300, 301, 306, 307, 308, 314, 325, 328, 329, 330, 333, 335, 340, 341, 347, 363, 364, 365, 367, 368, 370, 372, 377, 386, 387, 388, 389, 396, 398, 401, 404, 405, 406, 407, 410, 411, 416, 419, 420, 421, 427, 443, 444, 449, 452, 453, 457, 458, 463, 464, 468, 469, 474, 476, 477, 480, 481, 485, 486, 488], "excluded_lines": []}}}, "config.py": {"executed_lines": [1, 2, 3, 4, 5, 8, 9, 12, 13, 14, 17, 20, 23, 24, 25, 26, 29, 30, 33, 34, 37, 40, 41, 44, 45, 46, 49, 50, 52, 53, 54, 56, 58, 60, 61, 86, 99, 100, 101, 102, 106], "summary": {"covered_lines": 39, "num_statements": 50, "percent_covered": 78.0, "percent_covered_display": "78", "missing_lines": 11, "excluded_lines": 0}, "missing_lines": [57, 63, 88, 89, 91, 92, 93, 94, 95, 96, 97], "excluded_lines": [], "functions": {"Settings.parse_cors_origins": {"executed_lines": [56, 58], "summary": {"covered_lines": 2, "num_statements": 3, "percent_covered": 66.66666666666667, "percent_covered_display": "67", "missing_lines": 1, "excluded_lines": 0}, "missing_lines": [57], "excluded_lines": []}, "Settings.SERVICES": {"executed_lines": [], "summary": {"covered_lines": 0, "num_statements": 1, "percent_covered": 0.0, "percent_covered_display": "0", "missing_lines": 1, "excluded_lines": 0}, "missing_lines": [63], "excluded_lines": []}, "Settings.load_youtube_api_key": {"executed_lines": [], "summary": {"covered_lines": 0, "num_statements": 9, "percent_covered": 0.0, "percent_covered_display": "0", "missing_lines": 9, "excluded_lines": 0}, "missing_lines": [88, 89, 91, 92, 93, 94, 95, 96, 97], "excluded_lines": []}, "": {"executed_lines": [1, 2, 3, 4, 5, 8, 9, 12, 13, 14, 17, 20, 23, 24, 25, 26, 29, 30, 33, 34, 37, 40, 41, 44, 45, 46, 49, 50, 52, 53, 54, 60, 61, 86, 99, 100, 101, 102, 106], "summary": {"covered_lines": 37, "num_statements": 37, "percent_covered": 100.0, "percent_covered_display": "100", "missing_lines": 0, "excluded_lines": 0}, "missing_lines": [], "excluded_lines": []}}, "classes": {"Settings": {"executed_lines": [56, 58], "summary": {"covered_lines": 2, "num_statements": 13, "percent_covered": 15.384615384615385, "percent_covered_display": "15", "missing_lines": 11, "excluded_lines": 0}, "missing_lines": [57, 63, 88, 89, 91, 92, 93, 94, 95, 96, 97], "excluded_lines": []}, "Settings.Config": {"executed_lines": [], "summary": {"covered_lines": 0, "num_statements": 0, "percent_covered": 100.0, "percent_covered_display": "100", "missing_lines": 0, "excluded_lines": 0}, "missing_lines": [], "excluded_lines": []}, "": {"executed_lines": [1, 2, 3, 4, 5, 8, 9, 12, 13, 14, 17, 20, 23, 24, 25, 26, 29, 30, 33, 34, 37, 40, 41, 44, 45, 46, 49, 50, 52, 53, 54, 60, 61, 86, 99, 100, 101, 102, 106], "summary": {"covered_lines": 37, "num_statements": 37, "percent_covered": 100.0, "percent_covered_display": "100", "missing_lines": 0, "excluded_lines": 0}, "missing_lines": [], "excluded_lines": []}}}, "database\\__init__.py": {"executed_lines": [1, 2, 3, 5], "summary": {"covered_lines": 3, "num_statements": 3, "percent_covered": 100.0, "percent_covered_display": "100", "missing_lines": 0, "excluded_lines": 0}, "missing_lines": [], "excluded_lines": [], "functions": {"": {"executed_lines": [1, 2, 3, 5], "summary": {"covered_lines": 3, "num_statements": 3, "percent_covered": 100.0, "percent_covered_display": "100", "missing_lines": 0, "excluded_lines": 0}, "missing_lines": [], "excluded_lines": []}}, "classes": {"": {"executed_lines": [1, 2, 3, 5], "summary": {"covered_lines": 3, "num_statements": 3, "percent_covered": 100.0, "percent_covered_display": "100", "missing_lines": 0, "excluded_lines": 0}, "missing_lines": [], "excluded_lines": []}}}, "database\\db.py": {"executed_lines": [1, 2, 3, 4, 5, 6, 10, 18, 25, 105, 114, 116, 117, 118, 120], "summary": {"covered_lines": 14, "num_statements": 36, "percent_covered": 38.888888888888886, "percent_covered_display": "39", "missing_lines": 22, "excluded_lines": 0}, "missing_lines": [28, 29, 31, 32, 35, 36, 39, 41, 42, 49, 50, 51, 53, 56, 57, 58, 60, 62, 106, 108, 109, 111], "excluded_lines": [], "functions": {"init_db": {"executed_lines": [105], "summary": {"covered_lines": 1, "num_statements": 23, "percent_covered": 4.3478260869565215, "percent_covered_display": "4", "missing_lines": 22, "excluded_lines": 0}, "missing_lines": [28, 29, 31, 32, 35, 36, 39, 41, 42, 49, 50, 51, 53, 56, 57, 58, 60, 62, 106, 108, 109, 111], "excluded_lines": []}, "get_db": {"executed_lines": [116, 117, 118, 120], "summary": {"covered_lines": 4, "num_statements": 4, "percent_covered": 100.0, "percent_covered_display": "100", "missing_lines": 0, "excluded_lines": 0}, "missing_lines": [], "excluded_lines": []}, "": {"executed_lines": [1, 2, 3, 4, 5, 6, 10, 18, 25, 114], "summary": {"covered_lines": 9, "num_statements": 9, "percent_covered": 100.0, "percent_covered_display": "100", "missing_lines": 0, "excluded_lines": 0}, "missing_lines": [], "excluded_lines": []}}, "classes": {"": {"executed_lines": [1, 2, 3, 4, 5, 6, 10, 18, 25, 105, 114, 116, 117, 118, 120], "summary": {"covered_lines": 14, "num_statements": 36, "percent_covered": 38.888888888888886, "percent_covered_display": "39", "missing_lines": 22, "excluded_lines": 0}, "missing_lines": [28, 29, 31, 32, 35, 36, 39, 41, 42, 49, 50, 51, 53, 56, 57, 58, 60, 62, 106, 108, 109, 111], "excluded_lines": []}}}, "database\\models.py": {"executed_lines": [1, 2, 3, 4, 5, 8, 11, 12, 13, 15, 16, 17, 18, 19, 20, 21, 22, 23, 24, 25, 26, 29, 30, 31, 33, 34, 35, 36, 37, 40, 43, 44, 45, 47, 48, 49, 50, 51, 54, 57, 58, 59, 61, 62, 63, 64, 65, 68, 69, 70, 72, 73, 74, 75, 76, 77, 80, 81, 82, 84, 85, 86, 87, 88, 89, 90, 91, 92, 93], "summary": {"covered_lines": 62, "num_statements": 62, "percent_covered": 100.0, "percent_covered_display": "100", "missing_lines": 0, "excluded_lines": 0}, "missing_lines": [], "excluded_lines": [], "functions": {"": {"executed_lines": [1, 2, 3, 4, 5, 8, 11, 12, 13, 15, 16, 17, 18, 19, 20, 21, 22, 23, 24, 25, 26, 29, 30, 31, 33, 34, 35, 36, 37, 40, 43, 44, 45, 47, 48, 49, 50, 51, 54, 57, 58, 59, 61, 62, 63, 64, 65, 68, 69, 70, 72, 73, 74, 75, 76, 77, 80, 81, 82, 84, 85, 86, 87, 88, 89, 90, 91, 92, 93], "summary": {"covered_lines": 62, "num_statements": 62, "percent_covered": 100.0, "percent_covered_display": "100", "missing_lines": 0, "excluded_lines": 0}, "missing_lines": [], "excluded_lines": []}}, "classes": {"Service": {"executed_lines": [], "summary": {"covered_lines": 0, "num_statements": 0, "percent_covered": 100.0, "percent_covered_display": "100", "missing_lines": 0, "excluded_lines": 0}, "missing_lines": [], "excluded_lines": []}, "Agent": {"executed_lines": [], "summary": {"covered_lines": 0, "num_statements": 0, "percent_covered": 100.0, "percent_covered_display": "100", "missing_lines": 0, "excluded_lines": 0}, "missing_lines": [], "excluded_lines": []}, "KnowledgeFile": {"executed_lines": [], "summary": {"covered_lines": 0, "num_statements": 0, "percent_covered": 100.0, "percent_covered_display": "100", "missing_lines": 0, "excluded_lines": 0}, "missing_lines": [], "excluded_lines": []}, "APIUsage": {"executed_lines": [], "summary": {"covered_lines": 0, "num_statements": 0, "percent_covered": 100.0, "percent_covered_display": "100", "missing_lines": 0, "excluded_lines": 0}, "missing_lines": [], "excluded_lines": []}, "JobHistory": {"executed_lines": [], "summary": {"covered_lines": 0, "num_statements": 0, "percent_covered": 100.0, "percent_covered_display": "100", "missing_lines": 0, "excluded_lines": 0}, "missing_lines": [], "excluded_lines": []}, "User": {"executed_lines": [], "summary": {"covered_lines": 0, "num_statements": 0, "percent_covered": 100.0, "percent_covered_display": "100", "missing_lines": 0, "excluded_lines": 0}, "missing_lines": [], "excluded_lines": []}, "": {"executed_lines": [1, 2, 3, 4, 5, 8, 11, 12, 13, 15, 16, 17, 18, 19, 20, 21, 22, 23, 24, 25, 26, 29, 30, 31, 33, 34, 35, 36, 37, 40, 43, 44, 45, 47, 48, 49, 50, 51, 54, 57, 58, 59, 61, 62, 63, 64, 65, 68, 69, 70, 72, 73, 74, 75, 76, 77, 80, 81, 82, 84, 85, 86, 87, 88, 89, 90, 91, 92, 93], "summary": {"covered_lines": 62, "num_statements": 62, "percent_covered": 100.0, "percent_covered_display": "100", "missing_lines": 0, "excluded_lines": 0}, "missing_lines": [], "excluded_lines": []}}}, "main.py": {"executed_lines": [1, 2, 3, 4, 5, 6, 7, 8, 9, 10, 11, 12, 13, 14, 15, 16, 17, 18, 21, 22, 39, 47, 48, 51, 54, 63, 70, 71, 73, 74, 76, 78, 79, 80, 82, 88, 104, 107, 108, 124, 126, 127, 129, 130, 131, 133, 151, 152, 154, 157, 163, 164, 165, 166, 167, 168, 169
[...]
": 7, "percent_covered": 0.0, "percent_covered_display": "0", "missing_lines": 7, "excluded_lines": 0}, "missing_lines": [233, 235, 236, 237, 238, 240, 241], "excluded_lines": []}, "QueryOptimizer.count_services": {"executed_lines": [], "summary": {"covered_lines": 0, "num_statements": 3, "percent_covered": 0.0, "percent_covered_display": "0", "missing_lines": 3, "excluded_lines": 0}, "missing_lines": [254, 255, 256], "excluded_lines": []}, "QueryOptimizer.get_agent_stats": {"executed_lines": [], "summary": {"covered_lines": 0, "num_statements": 11, "percent_covered": 0.0, "percent_covered_display": "0", "missing_lines": 11, "excluded_lines": 0}, "missing_lines": [270, 272, 277, 278, 281, 286, 287, 290, 291, 292, 294], "excluded_lines": []}, "QueryOptimizer.bulk_create_knowledge_files": {"executed_lines": [], "summary": {"covered_lines": 0, "num_statements": 4, "percent_covered": 0.0, "percent_covered_display": "0", "missing_lines": 4, "excluded_lines": 0}, "missing_lines": [315, 316, 317, 318], "excluded_lines": []}, "QueryOptimizer.bulk_create_agents": {"executed_lines": [], "summary": {"covered_lines": 0, "num_statements": 4, "percent_covered": 0.0, "percent_covered_display": "0", "missing_lines": 4, "excluded_lines": 0}, "missing_lines": [335, 336, 337, 338], "excluded_lines": []}, "get_paginated_query": {"executed_lines": [], "summary": {"covered_lines": 0, "num_statements": 17, "percent_covered": 0.0, "percent_covered_display": "0", "missing_lines": 17, "excluded_lines": 0}, "missing_lines": [368, 371, 372, 373, 376, 377, 378, 381, 382, 385, 386, 387, 390, 391, 394, 395, 397], "excluded_lines": []}, "": {"executed_lines": [], "summary": {"covered_lines": 0, "num_statements": 33, "percent_covered": 0.0, "percent_covered_display": "0", "missing_lines": 33, "excluded_lines": 0}, "missing_lines": [11, 12, 13, 14, 15, 18, 21, 28, 29, 57, 58, 79, 80, 110, 111, 133, 134, 162, 163, 193, 194, 216, 217, 243, 244, 258, 259, 300, 301, 320, 321, 343, 401], "excluded_lines": []}}, "classes": {"QueryOptimizer": {"executed_lines": [], "summary": {"covered_lines": 0, "num_statements": 70, "percent_covered": 0.0, "percent_covered_display": "0", "missing_lines": 70, "excluded_lines": 0}, "missing_lines": [45, 49, 50, 51, 52, 54, 55, 72, 76, 77, 98, 102, 103, 104, 105, 107, 108, 125, 127, 128, 130, 131, 150, 154, 155, 156, 157, 159, 160, 181, 185, 186, 187, 188, 190, 191, 208, 210, 211, 213, 214, 233, 235, 236, 237, 238, 240, 241, 254, 255, 256, 270, 272, 277, 278, 281, 286, 287, 290, 291, 292, 294, 315, 316, 317, 318, 335, 336, 337, 338], "excluded_lines": []}, "": {"executed_lines": [], "summary": {"covered_lines": 0, "num_statements": 50, "percent_covered": 0.0, "percent_covered_display": "0", "missing_lines": 50, "excluded_lines": 0}, "missing_lines": [11, 12, 13, 14, 15, 18, 21, 28, 29, 57, 58, 79, 80, 110, 111, 133, 134, 162, 163, 193, 194, 216, 217, 243, 244, 258, 259, 300, 301, 320, 321, 343, 368, 371, 372, 373, 376, 377, 378, 381, 382, 385, 386, 387, 390, 391, 394, 395, 397, 401], "excluded_lines": []}}}, "utils\\errors.py": {"executed_lines": [1, 6, 7, 8, 10, 13, 14, 16, 50, 51, 108, 109, 117, 118, 122, 123, 125, 126, 142, 143, 148, 149, 154, 155, 168, 177, 186], "summary": {"covered_lines": 25, "num_statements": 53, "percent_covered": 47.16981132075472, "percent_covered_display": "47", "missing_lines": 28, "excluded_lines": 0}, "missing_lines": [66, 68, 69, 75, 76, 79, 90, 92, 93, 98, 103, 106, 120, 134, 135, 137, 139, 140, 145, 146, 151, 152, 162, 163, 164, 170, 179, 188], "excluded_lines": [], "functions": {"UserFriendlyError.handle_error": {"executed_lines": [], "summary": {"covered_lines": 0, "num_statements": 12, "percent_covered": 0.0, "percent_covered_display": "0", "missing_lines": 12, "excluded_lines": 0}, "missing_lines": [66, 68, 69, 75, 76, 79, 90, 92, 93, 98, 103, 106], "excluded_lines": []}, "UserFriendlyError.not_found": {"executed_lines": [117, 118, 122, 123], "summary": {"covered_lines": 4, "num_statements": 5, "percent_covered": 80.0, "percent_covered_display": "80", "missing_lines": 1, "excluded_lines": 0}, "missing_lines": [120], "excluded_lines": []}, "UserFriendlyError.validation_error": {"executed_lines": [], "summary": {"covered_lines": 0, "num_statements": 5, "percent_covered": 0.0, "percent_covered_display": "0", "missing_lines": 5, "excluded_lines": 0}, "missing_lines": [134, 135, 137, 139, 140], "excluded_lines": []}, "UserFriendlyError.unauthorized": {"executed_lines": [], "summary": {"covered_lines": 0, "num_statements": 2, "percent_covered": 0.0, "percent_covered_display": "0", "missing_lines": 2, "excluded_lines": 0}, "missing_lines": [145, 146], "excluded_lines": []}, "UserFriendlyError.forbidden": {"executed_lines": [], "summary": {"covered_lines": 0, "num_statements": 2, "percent_covered": 0.0, "percent_covered_display": "0", "missing_lines": 2, "excluded_lines": 0}, "missing_lines": [151, 152], "excluded_lines": []}, "UserFriendlyError.service_unavailable": {"executed_lines": [], "summary": {"covered_lines": 0, "num_statements": 3, "percent_covered": 0.0, "percent_covered_display": "0", "missing_lines": 3, "excluded_lines": 0}, "missing_lines": [162, 163, 164], "excluded_lines": []}, "handle_file_error": {"executed_lines": [], "summary": {"covered_lines": 0, "num_statements": 1, "percent_covered": 0.0, "percent_covered_display": "0", "missing_lines": 1, "excluded_lines": 0}, "missing_lines": [170], "excluded_lines": []}, "handle_service_error": {"executed_lines": [], "summary": {"covered_lines": 0, "num_statements": 1, "percent_covered": 0.0, "percent_covered_display": "0", "missing_lines": 1, "excluded_lines": 0}, "missing_lines": [179], "excluded_lines": []}, "handle_database_error": {"executed_lines": [], "summary": {"covered_lines": 0, "num_statements": 1, "percent_covered": 0.0, "percent_covered_display": "0", "missing_lines": 1, "excluded_lines": 0}, "missing_lines": [188], "excluded_lines": []}, "": {"executed_lines": [1, 6, 7, 8, 10, 13, 14, 16, 50, 51, 108, 109, 125, 126, 142, 143, 148, 149, 154, 155, 168, 177, 186], "summary": {"covered_lines": 21, "num_statements": 21, "percent_covered": 100.0, "percent_covered_display": "100", "missing_lines": 0, "excluded_lines": 0}, "missing_lines": [], "excluded_lines": []}}, "classes": {"UserFriendlyError": {"executed_lines": [117, 118, 122, 123], "summary": {"covered_lines": 4, "num_statements": 29, "percent_covered": 13.793103448275861, "percent_covered_display": "14", "missing_lines": 25, "excluded_lines": 0}, "missing_lines": [66, 68, 69, 75, 76, 79, 90, 92, 93, 98, 103, 106, 120, 134, 135, 137, 139, 140, 145, 146, 151, 152, 162, 163, 164], "excluded_lines": []}, "": {"executed_lines": [1, 6, 7, 8, 10, 13, 14, 16, 50, 51, 108, 109, 125, 126, 142, 143, 148, 149, 154, 155, 168, 177, 186], "summary": {"covered_lines": 21, "num_statements": 24, "percent_covered": 87.5, "percent_covered_display": "88", "missing_lines": 3, "excluded_lines": 0}, "missing_lines": [170, 179, 188], "excluded_lines": []}}}, "utils\\pagination.py": {"executed_lines": [1, 11, 12, 13, 16, 19, 20, 21, 22, 23, 25, 26, 28, 29, 30, 32, 33, 35, 38, 39, 40, 41, 44, 45, 46, 47, 48, 49, 50, 51, 52, 53, 56, 57, 58, 59, 60, 63, 64, 65, 66, 67, 70, 71, 72, 73, 76, 92, 93, 94, 97, 98, 100, 101, 103, 104, 107, 109, 125, 146, 148, 149, 151, 152, 154, 170, 199, 217, 219, 222, 223, 227], "summary": {"covered_lines": 65, "num_statements": 68, "percent_covered": 95.58823529411765, "percent_covered_display": "96", "missing_lines": 3, "excluded_lines": 0}, "missing_lines": [186, 188, 245], "excluded_lines": [], "functions": {"PaginationParams.skip": {"executed_lines": [28, 29, 30], "summary": {"covered_lines": 3, "num_statements": 3, "percent_covered": 100.0, "percent_covered_display": "100", "missing_lines": 0, "excluded_lines": 0}, "missing_lines": [], "excluded_lines": []}, "PaginationParams.limit": {"executed_lines": [35], "summary": {"covered_lines": 1, "num_statements": 1, "percent_covered": 100.0, "percent_covered_display": "100", "missing_lines": 0, "excluded_lines": 0}, "missing_lines": [], "excluded_lines": []}, "paginate_list": {"executed_lines": [92, 93, 94, 97, 98, 100, 101, 103, 104, 107, 109], "summary": {"covered_lines": 11, "num_statements": 11, "percent_covered": 100.0, "percent_covered_display": "100", "missing_lines": 0, "excluded_lines": 0}, "missing_lines": [], "excluded_lines": []}, "create_pagination_response": {"executed_lines": [146, 148, 149, 151, 152, 154], "summary": {"covered_lines": 6, "num_statements": 6, "percent_covered": 100.0, "percent_covered_display": "100", "missing_lines": 0, "excluded_lines": 0}, "missing_lines": [], "excluded_lines": []}, "create_cursor_response": {"executed_lines": [], "summary": {"covered_lines": 0, "num_statements": 2, "percent_covered": 0.0, "percent_covered_display": "0", "missing_lines": 2, "excluded_lines": 0}, "missing_lines": [186, 188], "excluded_lines": []}, "paginate": {"executed_lines": [217, 219, 222, 223], "summary": {"covered_lines": 4, "num_statements": 4, "percent_covered": 100.0, "percent_covered_display": "100", "missing_lines": 0, "excluded_lines": 0}, "missing_lines": [], "excluded_lines": []}, "get_pagination_params": {"executed_lines": [], "summary": {"covered_lines": 0, "num_statements": 1, "percent_covered": 0.0, "percent_covered_display": "0", "missing_lines": 1, "excluded_lines": 0}, "missing_lines": [245], "excluded_lines": []}, "": {"executed_lines": [1, 11, 12, 13, 16, 19, 20, 21, 22, 23, 25, 26, 32, 33, 38, 39, 40, 41, 44, 45, 46, 47, 48, 49, 50, 51, 52, 53, 56, 57, 58, 59, 60, 63, 64, 65, 66, 67, 70, 71, 72, 73, 76, 125, 170, 199, 227], "summary": {"covered_lines": 40, "num_statements": 40, "percent_covered": 100.0, "percent_covered_display": "100", "missing_lines": 0, "excluded_lines": 0}, "missing_lines": [], "excluded_lines": []}}, "classes": {"PaginationParams": {"executed_lines": [28, 29, 30, 35], "summary": {"covered_lines": 4, "num_statements": 4, "percent_covered": 100.0, "percent_covered_display": "100", "missing_lines": 0, "excluded_lines": 0}, "missing_lines": [], "excluded_lines": []}, "CursorParams": {"executed_lines": [], "summary": {"covered_lines": 0, "num_statements": 0, "percent_covered": 100.0, "percent_covered_display": "100", "missing_lines": 0, "excluded_lines": 0}, "missing_lines": [], "excluded_lines": []}, "PaginationMeta": {"executed_lines": [], "summary": {"covered_lines": 0, "num_statements": 0, "percent_covered": 100.0, "percent_covered_display": "100", "missing_lines": 0, "excluded_lines": 0}, "missing_lines": [], "excluded_lines": []}, "PaginatedResponse": {"executed_lines": [], "summary": {"covered_lines": 0, "num_statements": 0, "percent_covered": 100.0, "percent_covered_display": "100", "missing_lines": 0, "excluded_lines": 0}, "missing_lines": [], "excluded_lines": []}, "CursorMeta": {"executed_lines": [], "summary": {"covered_lines": 0, "num_statements": 0, "percent_covered": 100.0, "percent_covered_display": "100", "missing_lines": 0, "excluded_lines": 0}, "missing_lines": [], "excluded_lines": []}, "CursorResponse": {"executed_lines": [], "summary": {"covered_lines": 0, "num_statements": 0, "percent_covered": 100.0, "percent_covered_display": "100", "missing_lines": 0, "excluded_lines": 0}, "missing_lines": [], "excluded_lines": []}, "": {"executed_lines": [1, 11, 12, 13, 16, 19, 20, 21, 22, 23, 25, 26, 32, 33, 38, 39, 40, 41, 44, 45, 46, 47, 48, 49, 50, 51, 52, 53, 56, 57, 58, 59, 60, 63, 64, 65, 66, 67, 70, 71, 72, 73, 76, 92, 93, 94, 97, 98, 100, 101, 103, 104, 107, 109, 125, 146, 148, 149, 151, 152, 154, 170, 199, 217, 219, 222, 223, 227], "summary": {"covered_lines": 61, "num_statements": 64, "percent_covered": 95.3125, "percent_covered_display": "95", "missing_lines": 3, "excluded_lines": 0}, "missing_lines": [186, 188, 245], "excluded_lines": []}}}, "utils\\performance.py": {"executed_lines": [1, 11, 12, 13, 14, 15, 16, 17, 20, 21, 24, 25, 28, 29, 30, 33, 34, 37, 38, 39, 40, 43, 44, 48, 49, 56, 58, 66, 67, 70, 71, 78, 79, 80, 81, 84, 85, 86, 88, 96, 99, 102, 107, 109, 112, 113, 119, 121, 123, 131, 136, 140, 155, 158, 176, 177, 178, 200, 201, 202, 204, 205, 206, 208, 209, 212, 213, 216, 224, 225, 226, 228, 230, 233, 234, 244, 245, 246, 247, 248, 249, 251, 252, 253, 255, 256, 257, 259, 266, 289, 296, 299, 301, 304, 317, 327], "summary": {"covered_lines": 93, "num_statements": 123, "percent_covered": 75.60975609756098, "percent_covered_display": "76", "missing_lines": 30, "excluded_lines": 0}, "missing_lines": [100, 117, 133, 134, 138, 142, 143, 145, 146, 148, 149, 151, 179, 181, 182, 183, 185, 186, 189, 190, 191, 193, 214, 277, 279, 282, 286, 314, 324, 337], "excluded_lines": [], "functions": {"PerformanceMonitor.__init__": {"executed_lines": [49, 56], "summary": {"covered_lines": 2, "num_statements": 2, "percent_covered": 100.0, "percent_covered_display": "100", "missing_lines": 0, "excluded_lines": 0}, "missing_lines": [], "excluded_lines": []}, "PerformanceMonitor.record_query": {"executed_lines": [66, 67, 70, 71, 78, 79, 80, 81, 84, 85, 86, 88, 96, 99, 102], "summary": {"covered_lines": 15, "num_statements": 16, "percent_covered": 93.75, "percent_covered_display": "94", "missing_lines": 1, "excluded_lines": 0}, "missing_lines": [100], "excluded_lines": []}, "PerformanceMonitor.get_metrics": {"executed_lines": [109, 112, 113, 119], "summary": {"covered_lines": 4, "num_statements": 5, "percent_covered": 80.0, "percent_covered_display": "80", "missing_lines": 1, "excluded_lines": 0}, "missing_lines": [117], "excluded_lines": []}, "PerformanceMonitor.reset_metrics": {"executed_lines": [123], "summary": {"covered_lines": 1, "num_statements": 1, "percent_covered": 100.0, "percent_covered_display": "100", "missing_lines": 0, "excluded_lines": 0}, "missing_lines": [], "excluded_lines": []}, "PerformanceMonitor.set_slow_query_threshold": {"executed_lines": [], "summary": {"covered_lines": 0, "num_statements": 2, "percent_covered": 0.0, "percent_covered_display": "0", "missing_lines": 2, "excluded_lines": 0}, "missing_lines": [133, 134], "excluded_lines": []}, "PerformanceMonitor.get_slow_queries": {"executed_lines": [], "summary": {"covered_lines": 0, "num_statements": 1, "percent_covered": 0.0, "percent_covered_display": "0", "missing_lines": 1, "excluded_lines": 0}, "missing_lines": [138], "excluded_lines": []}, "PerformanceMonitor.export_metrics": {"executed_lines": [], "summary": {"covered_lines": 0, "num_statements": 7, "percent_covered": 0.0, "percent_covered_display": "0", "missing_lines": 7, "excluded_lines": 0}, "missing_lines": [142, 143, 145, 146, 148, 149, 151], "excluded_lines": []}, "track_performance": {"executed_lines": [176, 177, 230], "summary": {"covered_lines": 3, "num_statements": 3, "percent_covered": 100.0, "percent_covered_display": "100", "missing_lines": 0, "excluded_lines": 0}, "missing_lines": [], "excluded_lines": []}, "track_performance.decorator": {"executed_lines": [178, 200, 201, 224, 225, 226, 228], "summary": {"covered_lines": 7, "num_statements": 7, "percent_covered": 100.0, "percent_covered_display": "100", "missing_lines": 0, "excluded_lines": 0}, "missing_lines": [], "excluded_lines": []}, "track_performance.decorator.async_wrapper": {"executed_lines": [], "summary": {"covered_lines": 0, "num_statements": 10, "percent_covered": 0.0, "percent_covered_display": "0", "missing_lines": 10, "excluded_lines": 0}, "missing_lines": [179, 181, 182, 183, 185, 186, 189, 190, 191, 193], "excluded_lines": []}, "track_performance.decorator.sync_wrapper": {"executed_lines": [202, 204, 205, 206, 208, 209, 212, 213, 216], "summary": {"covered_lines": 9, "num_statements": 10, "percent_covered": 90.0, "percent_covered_display": "90", "missing_lines": 1, "excluded_lines": 0}, "missing_lines": [214], "excluded_lines": []}, "QueryTimer.__init__": {"executed_lines": [245, 246, 247, 248, 249], "summary": {"covered_lines": 5, "num_statements": 5, "percent_covered": 100.0, "percent_covered_display": "100", "missing_lines": 0, "excluded_lines": 0}, "missing_lines": [], "excluded_lines": []}, "QueryTimer.__enter__": {"executed_lines": [252, 253], "summary": {"covered_lines": 2, "num_statements": 2, "percent_covered": 100.0, "percent_covered_display": "100", "missing_lines": 0, "excluded_lines": 0}, "missing_lines": [], "excluded_lines": []}, "QueryTimer.__exit__": {"executed_lines": [256, 257, 259], "summary": {"covered_lines": 3, "num_statements": 3, "percent_covered": 100.0, "percent_covered_display": "100", "missing_lines": 0, "excluded_lines": 0}, "missing_lines": [], "excluded_lines": []}, "add_performance_headers": {"executed_lines": [], "summary": {"covered_lines": 0, "num_statements": 4, "percent_covered": 0.0, "percent_covered_display": "0", "missing_lines": 4, "excluded_lines": 0}, "missing_lines": [277, 279, 282, 286], "excluded_lines": []}, "get_performance_stats": {"executed_lines": [296], "summary": {"covered_lines": 1, "num_statements": 1, "percent_covered": 100.0, "percent_covered_display": "100", "missing_lines": 0, "excluded_lines": 0}, "missing_lines": [], "excluded_lines": []}, "reset_performance_stats": {"executed_lines": [301], "summary": {"covered_lines": 1, "num_statements": 1, "percent_covered": 100.0, "percent_covered_display": "100", "missing_lines": 0, "excluded_lines": 0}, "missing_lines": [], "excluded_lines": []}, "get_slow_queries": {"executed_lines": [], "summary": {"covered_lines": 0, "num_statements": 1, "percent_covered": 0.0, "percent_covered_display": "0", "missing_lines": 1, "excluded_lines": 0}, "missing_lines": [314], "excluded_lines": []}, "set_slow_query_threshold": {"executed_lines": [], "summary": {"covered_lines": 0, "num_statements": 1, "percent_covered": 0.0, "percent_covered_display": "0", "missing_lines": 1, "excluded_lines": 0}, "missing_lines": [324], "excluded_lines": []}, "export_metrics": {"executed_lines": [], "summary": {"covered_lines": 0, "num_statements": 1, "percent_covered": 0.0, "percent_covered_display": "0", "missing_lines": 1, "excluded_lines": 0}, "missing_lines": [337], "excluded_lines": []}, "": {"executed_lines": [1, 11, 12, 13, 14, 15, 16, 17, 20, 21, 24, 25, 28, 29, 30, 33, 34, 37, 38, 39, 40, 43, 44, 48, 58, 107, 121, 131, 136, 140, 155, 158, 233, 234, 244, 251, 255, 266, 289, 299, 304, 317, 327], "summary": {"covered_lines": 40, "num_statements": 40, "percent_covered": 100.0, "percent_covered_display": "100", "missing_lines": 0, "excluded_lines": 0}, "missing_lines": [], "excluded_lines": []}}, "classes": {"PerformanceMonitor": {"executed_lines": [49, 56, 66, 67, 70, 71, 78, 79, 80, 81, 84, 85, 86, 88, 96, 99, 102, 109, 112, 113, 119, 123], "summary": {"covered_lines": 22, "num_statements": 34, "percent_covered": 64.70588235294117, "percent_covered_display": "65", "missing_lines": 12, "excluded_lines": 0}, "missing_lines": [100, 117, 133, 134, 138, 142, 143, 145, 146, 148, 149, 151], "excluded_lines": []}, "QueryTimer": {"executed_lines": [245, 246, 247, 248, 249, 252, 253, 256, 257, 259], "summary": {"covered_lines": 10, "num_statements": 10, "percent_covered": 100.0, "percent_covered_display": "100", "missing_lines": 0, "excluded_lines": 0}, "missing_lines": [], "excluded_lines": []}, "": {"executed_lines": [1, 11, 12, 13, 14, 15, 16, 17, 20, 21, 24, 25, 28, 29, 30, 33, 34, 37, 38, 39, 40, 43, 44, 48, 58, 107, 121, 131, 136, 140, 155, 158, 176, 177, 178, 200, 201, 202, 204, 205, 206, 208, 209, 212, 213, 216, 224, 225, 226, 228, 230, 233, 234, 244, 251, 255, 266, 289, 296, 299, 301, 304, 317, 327], "summary": {"covered_lines": 61, "num_statements": 79, "percent_covered": 77.21518987341773, "percent_covered_display": "77", "missing_lines": 18, "excluded_lines": 0}, "missing_lines": [179, 181, 182, 183, 185, 186, 189, 190, 191, 193, 214, 277, 279, 282, 286, 314, 324, 337], "excluded_lines": []}}}}, "totals": {"covered_lines": 1800, "num_statements": 7916, "percent_covered": 22.73875694795351, "percent_covered_display": "23", "missing_lines": 6116, "excluded_lines": 0}}